#
# A fatal error has been detected by the Java Runtime Environment:
#
#  SIGSEGV (0xb) at pc=0x00000001026461b0, pid=8856, tid=18691
#
# JRE version: Java(TM) SE Runtime Environment (8.0_66-b17) (build 1.8.0_66-b17)
# Java VM: Java HotSpot(TM) 64-Bit Server VM (25.66-b17 mixed mode bsd-amd64 compressed oops)
# Problematic frame:
# V  [libjvm.dylib+0x4461b0]  Method::checked_resolve_jmethod_id(_jmethodID*)+0xe
#
# Failed to write core dump. Core dumps have been disabled. To enable core dumping, try "ulimit -c unlimited" before starting Java again
#
# If you would like to submit a bug report, please visit:
#   http://bugreport.java.com/bugreport/crash.jsp
#

---------------  T H R E A D  ---------------

Current thread (0x00007fcf35017800):  JavaThread "JDWP Transport Listener: dt_socket" daemon [_thread_in_vm, id=18691, stack(0x00000001208b8000,0x00000001209b8000)]

siginfo: si_signo: 11 (SIGSEGV), si_code: 0 (unknown), si_addr: 0x0000000000000000

Registers:
RAX=0x0000000000000001, RBX=0x00000001209b7a8b, RCX=0x0000000102a14310, RDX=0x00000001209b7a8b
RSP=0x00000001209b79d0, RBP=0x00000001209b79e0, RSI=0x00007fcf35017800, RDI=0x616c2f6176616a10
R8 =0x0000000000000001, R9 =0x00007fcf34a00000, R10=0x0000000000000020, R11=0x00007fcf34a00000
R12=0x00007fcf35017800, R13=0x616c2f6176616a10, R14=0x616c2f6176616a10, R15=0x00007fcf34901ff0
RIP=0x00000001026461b0, EFLAGS=0x0000000000010202, ERR=0x0000000000000000
  TRAPNO=0x000000000000000d

Top of Stack: (sp=0x00000001209b79d0)
0x00000001209b79d0:   00000001209b7a8b 00000001209b7a8b
0x00000001209b79e0:   00000001209b7a40 00000001025552be
0x00000001209b79f0:   00007fcf35017800 0000000000000000
0x00000001209b7a00:   0000000000000000 0000000000000000
0x00000001209b7a10:   00007fcf35017800 00007fcf35017800
0x00000001209b7a20:   00000001209b7a8b 00000001209b7a90
0x00000001209b7a30:   616c2f6176616a10 000000000000000b
0x00000001209b7a40:   00000001209b7a60 00000001032a9780
0x00000001209b7a50:   0000000000000001 00000001209b7b08
0x00000001209b7a60:   00000001209b7ad0 000000010328e1f3
0x00000001209b7a70:   00000001209b7aa0 00007fcf37303fd0
0x00000001209b7a80:   0000001400000032 00000001009b7b08
0x00000001209b7a90:   0000000000000000 0000000000000000
0x00000001209b7aa0:   0000000000000000 00000001209b7c90
0x00000001209b7ab0:   00000001032b0e7a 00007fcf37303460
0x00000001209b7ac0:   00000001209b7b08 00000001032bc598
0x00000001209b7ad0:   00000001209b7ae0 000000010328e2ec
0x00000001209b7ae0:   00000001209b7d00 0000000103297898
0x00000001209b7af0:   0000065d00000013 00000000000f0200
0x00000001209b7b00:   00007fcf373034a0 00007fcf35b3b428
0x00000001209b7b10:   00007fcf00000488 00007fcf37303b90
0x00000001209b7b20:   00007fcf0000012c 00000001209b7b58
0x00000001209b7b30:   00007fcf34a20050 00007f0000000000
0x00000001209b7b40:   0000065d0000001c 00007fff00001780
0x00000001209b7b50:   00000001209b7b58 cf7f000014000000
0x00000001209b7b60:   06000000a8afc934 00003e74696e693c
0x00000001209b7b70:   0000005629280300 7f00000100000000
0x00000001209b7b80:   000000f0c2e734cf 7473694c7465670c
0x00000001209b7b90:   00000073656c6946 6176616a4c292812
0x00000001209b7ba0:   694c2f6c6974752f 28260000003b7473
0x00000001209b7bb0:   752f6176616a4c29 7473694c2f6c6974
0x00000001209b7bc0:   6c2f6176616a4c3c 697274532f676e61 

Instructions: (pc=0x00000001026461b0)
0x0000000102646190:   40 48 48 85 c0 75 e0 30 c0 0f b6 c0 5d c3 31 c0
0x00000001026461a0:   5d c3 55 48 89 e5 53 48 83 ec 08 48 85 ff 74 24
0x00000001026461b0:   48 8b 1f 48 85 db 74 1c 48 83 fb 37 74 16 48 8b
0x00000001026461c0:   03 48 89 df ff 50 10 84 c0 b8 00 00 00 00 48 0f 

Register to memory mapping:

RAX=0x0000000000000001 is an unknown value
RBX=0x00000001209b7a8b is pointing into the stack for thread: 0x00007fcf35017800
RCX=0x0000000102a14310: UseMembar+0 in /Library/Java/JavaVirtualMachines/jdk1.8.0_66.jdk/Contents/Home/jre/lib/server/libjvm.dylib at 0x0000000102200000
RDX=0x00000001209b7a8b is pointing into the stack for thread: 0x00007fcf35017800
RSP=0x00000001209b79d0 is pointing into the stack for thread: 0x00007fcf35017800
RBP=0x00000001209b79e0 is pointing into the stack for thread: 0x00007fcf35017800
RSI=0x00007fcf35017800 is a thread
RDI=0x616c2f6176616a10 is an unknown value
R8 =0x0000000000000001 is an unknown value
R9 =0x00007fcf34a00000 is an unknown value
R10=0x0000000000000020 is an unknown value
R11=0x00007fcf34a00000 is an unknown value
R12=0x00007fcf35017800 is a thread
R13=0x616c2f6176616a10 is an unknown value
R14=0x616c2f6176616a10 is an unknown value
R15=0x00007fcf34901ff0 is an unknown value


Stack: [0x00000001208b8000,0x00000001209b8000],  sp=0x00000001209b79d0,  free space=1022k
Native frames: (J=compiled Java code, j=interpreted, Vv=VM code, C=native code)
V  [libjvm.dylib+0x4461b0]  Method::checked_resolve_jmethod_id(_jmethodID*)+0xe
V  [libjvm.dylib+0x3552be]  jvmti_IsMethodSynthetic+0xb2
C  [libjdwp.dylib+0x20780]  isMethodSynthetic+0x63
C  [libjdwp.dylib+0x51f3]  methods1+0x10b
C  [libjdwp.dylib+0x52ec]  methodsWithGeneric+0xe
C  [libjdwp.dylib+0xe898]  debugLoop_run+0x1ce
C  [libjdwp.dylib+0x1f6ba]  attachThread+0x4d
V  [libjvm.dylib+0x39661c]  JvmtiAgentThread::call_start_function()+0x38
V  [libjvm.dylib+0x560b83]  JavaThread::thread_main_inner()+0x9b
V  [libjvm.dylib+0x56227e]  JavaThread::run()+0x1c2
V  [libjvm.dylib+0x482cd6]  java_start(Thread*)+0xf6
C  [libsystem_pthread.dylib+0x405a]  _pthread_body+0x83
C  [libsystem_pthread.dylib+0x3fd7]  _pthread_body+0x0
C  [libsystem_pthread.dylib+0x13ed]  thread_start+0xd
C  0x0000000000000000


---------------  P R O C E S S  ---------------

Java Threads: ( => current thread )
  0x00007fcf32cca800 JavaThread "DestroyJavaVM" [_thread_blocked, id=4867, stack(0x0000000103187000,0x0000000103287000)]
  0x00007fcf3601a800 JavaThread "http-nio-8080-AsyncTimeout" daemon [_thread_blocked, id=35843, stack(0x0000000124ac7000,0x0000000124bc7000)]
  0x00007fcf3526d800 JavaThread "http-nio-8080-Acceptor-0" daemon [_thread_in_native, id=35331, stack(0x00000001249c4000,0x0000000124ac4000)]
  0x00007fcf36874800 JavaThread "http-nio-8080-ClientPoller-1" daemon [_thread_in_native, id=34819, stack(0x00000001248c1000,0x00000001249c1000)]
  0x00007fcf3526f800 JavaThread "http-nio-8080-ClientPoller-0" daemon [_thread_in_native, id=34307, stack(0x00000001247be000,0x00000001248be000)]
  0x00007fcf36019800 JavaThread "http-nio-8080-exec-10" daemon [_thread_blocked, id=33795, stack(0x00000001246bb000,0x00000001247bb000)]
  0x00007fcf35974000 JavaThread "http-nio-8080-exec-9" daemon [_thread_blocked, id=33283, stack(0x00000001245b8000,0x00000001246b8000)]
  0x00007fcf3380a800 JavaThread "http-nio-8080-exec-8" daemon [_thread_blocked, id=32771, stack(0x00000001244b5000,0x00000001245b5000)]
  0x00007fcf36019000 JavaThread "http-nio-8080-exec-7" daemon [_thread_blocked, id=32259, stack(0x00000001243b2000,0x00000001244b2000)]
  0x00007fcf32cc9800 JavaThread "http-nio-8080-exec-6" daemon [_thread_blocked, id=31747, stack(0x00000001242af000,0x00000001243af000)]
  0x00007fcf36016000 JavaThread "http-nio-8080-exec-5" daemon [_thread_blocked, id=31235, stack(0x00000001241ac000,0x00000001242ac000)]
  0x00007fcf3380d000 JavaThread "http-nio-8080-exec-4" daemon [_thread_blocked, id=30723, stack(0x00000001240a9000,0x00000001241a9000)]
  0x00007fcf3300a000 JavaThread "http-nio-8080-exec-3" daemon [_thread_blocked, id=30211, stack(0x0000000123fa6000,0x00000001240a6000)]
  0x00007fcf34462000 JavaThread "http-nio-8080-exec-2" daemon [_thread_blocked, id=29699, stack(0x0000000123ea3000,0x0000000123fa3000)]
  0x00007fcf34461000 JavaThread "http-nio-8080-exec-1" daemon [_thread_blocked, id=29187, stack(0x0000000123da0000,0x0000000123ea0000)]
  0x00007fcf3445b800 JavaThread "NioBlockingSelector.BlockPoller-1" daemon [_thread_in_native, id=28675, stack(0x0000000123c9d000,0x0000000123d9d000)]
  0x00007fcf35b6b000 JavaThread "Tomcat JDBC Pool Cleaner[349885916:1510617722574]" daemon [_thread_blocked, id=28163, stack(0x000000012319a000,0x000000012329a000)]
  0x00007fcf343ca000 JavaThread "container-0" [_thread_blocked, id=27651, stack(0x0000000123097000,0x0000000123197000)]
  0x00007fcf32ca0000 JavaThread "ContainerBackgroundProcessor[StandardEngine[Tomcat]]" daemon [_thread_blocked, id=27139, stack(0x0000000122f94000,0x0000000123094000)]
  0x00007fcf328d6800 JavaThread "RMI TCP Accept-0" daemon [_thread_in_native, id=25351, stack(0x00000001219dd000,0x0000000121add000)]
  0x00007fcf328d6000 JavaThread "RMI TCP Accept-62244" daemon [_thread_in_native, id=23299, stack(0x00000001218da000,0x00000001219da000)]
  0x00007fcf340f6800 JavaThread "RMI TCP Accept-0" daemon [_thread_in_native, id=22787, stack(0x00000001217d7000,0x00000001218d7000)]
  0x00007fcf35008000 JavaThread "Service Thread" daemon [_thread_blocked, id=22275, stack(0x0000000120fcd000,0x00000001210cd000)]
  0x00007fcf3403a000 JavaThread "C1 CompilerThread3" daemon [_thread_blocked, id=21763, stack(0x0000000120eca000,0x0000000120fca000)]
  0x00007fcf35022800 JavaThread "C2 CompilerThread2" daemon [_thread_blocked, id=21251, stack(0x0000000120dc7000,0x0000000120ec7000)]
  0x00007fcf34039800 JavaThread "C2 CompilerThread1" daemon [_thread_blocked, id=20739, stack(0x0000000120cc4000,0x0000000120dc4000)]
  0x00007fcf35849000 JavaThread "C2 CompilerThread0" daemon [_thread_blocked, id=20227, stack(0x0000000120bc1000,0x0000000120cc1000)]
  0x00007fcf34034000 JavaThread "JDWP Command Reader" daemon [_thread_in_native, id=19715, stack(0x0000000120abe000,0x0000000120bbe000)]
  0x00007fcf35018000 JavaThread "JDWP Event Helper Thread" daemon [_thread_blocked, id=19203, stack(0x00000001209bb000,0x0000000120abb000)]
=>0x00007fcf35017800 JavaThread "JDWP Transport Listener: dt_socket" daemon [_thread_in_vm, id=18691, stack(0x00000001208b8000,0x00000001209b8000)]
  0x00007fcf3400e000 JavaThread "Signal Dispatcher" daemon [_thread_blocked, id=14615, stack(0x00000001207ae000,0x00000001208ae000)]
  0x00007fcf34032000 JavaThread "Finalizer" daemon [_thread_blocked, id=13571, stack(0x000000011eda8000,0x000000011eea8000)]
  0x00007fcf3500c000 JavaThread "Reference Handler" daemon [_thread_blocked, id=13059, stack(0x000000011eca5000,0x000000011eda5000)]

Other Threads:
  0x00007fcf34031800 VMThread [stack: 0x000000011eba2000,0x000000011eca2000] [id=12547]
  0x00007fcf328d9800 WatcherThread [stack: 0x0000000121ae0000,0x0000000121be0000] [id=25603]

VM state:not at safepoint (normal execution)

VM Mutex/Monitor currently owned by a thread: None

Heap:
 PSYoungGen      total 183808K, used 26016K [0x000000076ab00000, 0x0000000777900000, 0x00000007c0000000)
  eden space 173568K, 9% used [0x000000076ab00000,0x000000076babe170,0x0000000775480000)
  from space 10240K, 96% used [0x0000000776f00000,0x00000007778a9f40,0x0000000777900000)
  to   space 18432K, 0% used [0x0000000775500000,0x0000000775500000,0x0000000776700000)
 ParOldGen       total 189440K, used 25532K [0x00000006c0000000, 0x00000006cb900000, 0x000000076ab00000)
  object space 189440K, 13% used [0x00000006c0000000,0x00000006c18ef050,0x00000006cb900000)
 Metaspace       used 41756K, capacity 42258K, committed 42752K, reserved 1087488K
  class space    used 5374K, capacity 5508K, committed 5632K, reserved 1048576K

Card table byte_map: [0x0000000112694000,0x0000000112e95000] byte_map_base: 0x000000010f094000

Marking Bits: (ParMarkBitMap*) 0x0000000102adde20
 Begin Bits: [0x0000000113c03000, 0x0000000117c03000)
 End Bits:   [0x0000000117c03000, 0x000000011bc03000)

Polling page: 0x00000001011c9000

CodeCache: size=245760Kb used=8537Kb max_used=8743Kb free=237222Kb
 bounds [0x00000001032d4000, 0x0000000103b64000, 0x00000001122d4000]
 total_blobs=4433 nmethods=3956 adapters=397
 compilation: enabled

Compilation events (10 events):
Event: 1532.516 Thread 0x00007fcf3403a000 4043   !   1       org.apache.catalina.core.ContainerBase::getRealmInternal (38 bytes)
Event: 1532.516 Thread 0x00007fcf3403a000 nmethod 4043 0x00000001038e9dd0 code [0x00000001038e9f80, 0x00000001038ea298]
Event: 1532.516 Thread 0x00007fcf3403a000 4044   !   1       org.apache.catalina.core.ContainerBase::getClusterInternal (38 bytes)
Event: 1532.517 Thread 0x00007fcf3403a000 nmethod 4044 0x00000001038081d0 code [0x0000000103808380, 0x0000000103808698]
Event: 1562.519 Thread 0x00007fcf3403a000 4046   !   1       org.apache.catalina.core.ContainerBase::backgroundProcess (168 bytes)
Event: 1562.520 Thread 0x00007fcf3403a000 nmethod 4046 0x00000001034f7850 code [0x00000001034f7a80, 0x00000001034f8338]
Event: 1562.520 Thread 0x00007fcf3403a000 4045   !   1       org.apache.catalina.core.ContainerBase$ContainerBackgroundProcessor::processChildren (185 bytes)
Event: 1562.521 Thread 0x00007fcf3403a000 nmethod 4045 0x0000000103a75f90 code [0x0000000103a76240, 0x0000000103a77198]
Event: 1562.521 Thread 0x00007fcf3403a000 4047       1       org.apache.catalina.mapper.MapperListener::lifecycleEvent (178 bytes)
Event: 1562.522 Thread 0x00007fcf3403a000 nmethod 4047 0x00000001036da050 code [0x00000001036da280, 0x00000001036daa38]

GC Heap History (10 events):
Event: 2.385 GC heap before
{Heap before GC invocations=6 (full 1):
 PSYoungGen      total 100864K, used 100781K [0x000000076ab00000, 0x0000000773a80000, 0x00000007c0000000)
  eden space 95744K, 100% used [0x000000076ab00000,0x0000000770880000,0x0000000770880000)
  from space 5120K, 98% used [0x0000000773580000,0x0000000773a6b780,0x0000000773a80000)
  to   space 10752K, 0% used [0x0000000772580000,0x0000000772580000,0x0000000773000000)
 ParOldGen       total 113664K, used 12365K [0x00000006c0000000, 0x00000006c6f00000, 0x000000076ab00000)
  object space 113664K, 10% used [0x00000006c0000000,0x00000006c0c137e8,0x00000006c6f00000)
 Metaspace       used 27319K, capacity 27702K, committed 28032K, reserved 1073152K
  class space    used 3527K, capacity 3626K, committed 3712K, reserved 1048576K
Event: 2.394 GC heap after
Heap after GC invocations=6 (full 1):
 PSYoungGen      total 136192K, used 10743K [0x000000076ab00000, 0x0000000775200000, 0x00000007c0000000)
  eden space 125440K, 0% used [0x000000076ab00000,0x000000076ab00000,0x0000000772580000)
  from space 10752K, 99% used [0x0000000772580000,0x0000000772ffdda0,0x0000000773000000)
  to   space 15872K, 0% used [0x0000000774280000,0x0000000774280000,0x0000000775200000)
 ParOldGen       total 113664K, used 14772K [0x00000006c0000000, 0x00000006c6f00000, 0x000000076ab00000)
  object space 113664K, 12% used [0x00000006c0000000,0x00000006c0e6d3b8,0x00000006c6f00000)
 Metaspace       used 27319K, capacity 27702K, committed 28032K, reserved 1073152K
  class space    used 3527K, capacity 3626K, committed 3712K, reserved 1048576K
}
Event: 2.889 GC heap before
{Heap before GC invocations=7 (full 1):
 PSYoungGen      total 136192K, used 110276K [0x000000076ab00000, 0x0000000775200000, 0x00000007c0000000)
  eden space 125440K, 79% used [0x000000076ab00000,0x0000000770c333c0,0x0000000772580000)
  from space 10752K, 99% used [0x0000000772580000,0x0000000772ffdda0,0x0000000773000000)
  to   space 15872K, 0% used [0x0000000774280000,0x0000000774280000,0x0000000775200000)
 ParOldGen       total 113664K, used 14772K [0x00000006c0000000, 0x00000006c6f00000, 0x000000076ab00000)
  object space 113664K, 12% used [0x00000006c0000000,0x00000006c0e6d3b8,0x00000006c6f00000)
 Metaspace       used 34751K, capacity 35124K, committed 35416K, reserved 1081344K
  class space    used 4458K, capacity 4559K, committed 4608K, reserved 1048576K
Event: 2.901 GC heap after
Heap after GC invocations=7 (full 1):
 PSYoungGen      total 151040K, used 15868K [0x000000076ab00000, 0x0000000778600000, 0x00000007c0000000)
  eden space 135168K, 0% used [0x000000076ab00000,0x000000076ab00000,0x0000000772f00000)
  from space 15872K, 99% used [0x0000000774280000,0x00000007751ff2b0,0x0000000775200000)
  to   space 19968K, 0% used [0x0000000772f00000,0x0000000772f00000,0x0000000774280000)
 ParOldGen       total 113664K, used 17422K [0x00000006c0000000, 0x00000006c6f00000, 0x000000076ab00000)
  object space 113664K, 15% used [0x00000006c0000000,0x00000006c1103a48,0x00000006c6f00000)
 Metaspace       used 34751K, capacity 35124K, committed 35416K, reserved 1081344K
  class space    used 4458K, capacity 4559K, committed 4608K, reserved 1048576K
}
Event: 2.901 GC heap before
{Heap before GC invocations=8 (full 2):
 PSYoungGen      total 151040K, used 15868K [0x000000076ab00000, 0x0000000778600000, 0x00000007c0000000)
  eden space 135168K, 0% used [0x000000076ab00000,0x000000076ab00000,0x0000000772f00000)
  from space 15872K, 99% used [0x0000000774280000,0x00000007751ff2b0,0x0000000775200000)
  to   space 19968K, 0% used [0x0000000772f00000,0x0000000772f00000,0x0000000774280000)
 ParOldGen       total 113664K, used 17422K [0x00000006c0000000, 0x00000006c6f00000, 0x000000076ab00000)
  object space 113664K, 15% used [0x00000006c0000000,0x00000006c1103a48,0x00000006c6f00000)
 Metaspace       used 34751K, capacity 35124K, committed 35416K, reserved 1081344K
  class space    used 4458K, capacity 4559K, committed 4608K, reserved 1048576K
Event: 2.960 GC heap after
Heap after GC invocations=8 (full 2):
 PSYoungGen      total 151040K, used 0K [0x000000076ab00000, 0x0000000778600000, 0x00000007c0000000)
  eden space 135168K, 0% used [0x000000076ab00000,0x000000076ab00000,0x0000000772f00000)
  from space 15872K, 0% used [0x0000000774280000,0x0000000774280000,0x0000000775200000)
  to   space 19968K, 0% used [0x0000000772f00000,0x0000000772f00000,0x0000000774280000)
 ParOldGen       total 189440K, used 25516K [0x00000006c0000000, 0x00000006cb900000, 0x000000076ab00000)
  object space 189440K, 13% used [0x00000006c0000000,0x00000006c18eb050,0x00000006cb900000)
 Metaspace       used 34751K, capacity 35124K, committed 35416K, reserved 1081344K
  class space    used 4458K, capacity 4559K, committed 4608K, reserved 1048576K
}
Event: 3.777 GC heap before
{Heap before GC invocations=9 (full 2):
 PSYoungGen      total 151040K, used 135168K [0x000000076ab00000, 0x0000000778600000, 0x00000007c0000000)
  eden space 135168K, 100% used [0x000000076ab00000,0x0000000772f00000,0x0000000772f00000)
  from space 15872K, 0% used [0x0000000774280000,0x0000000774280000,0x0000000775200000)
  to   space 19968K, 0% used [0x0000000772f00000,0x0000000772f00000,0x0000000774280000)
 ParOldGen       total 189440K, used 25516K [0x00000006c0000000, 0x00000006cb900000, 0x000000076ab00000)
  object space 189440K, 13% used [0x00000006c0000000,0x00000006c18eb050,0x00000006cb900000)
 Metaspace       used 37677K, capacity 38122K, committed 38656K, reserved 1083392K
  class space    used 4862K, capacity 5000K, committed 5120K, reserved 1048576K
Event: 3.783 GC heap after
Heap after GC invocations=9 (full 2):
 PSYoungGen      total 155136K, used 8993K [0x000000076ab00000, 0x0000000778200000, 0x00000007c0000000)
  eden space 135168K, 0% used [0x000000076ab00000,0x000000076ab00000,0x0000000772f00000)
  from space 19968K, 45% used [0x0000000772f00000,0x00000007737c8748,0x0000000774280000)
  to   space 19456K, 0% used [0x0000000776f00000,0x0000000776f00000,0x0000000778200000)
 ParOldGen       total 189440K, used 25524K [0x00000006c0000000, 0x00000006cb900000, 0x000000076ab00000)
  object space 189440K, 13% used [0x00000006c0000000,0x00000006c18ed050,0x00000006cb900000)
 Metaspace       used 37677K, capacity 38122K, committed 38656K, reserved 1083392K
  class space    used 4862K, capacity 5000K, committed 5120K, reserved 1048576K
}
Event: 18.804 GC heap before
{Heap before GC invocations=10 (full 2):
 PSYoungGen      total 155136K, used 144161K [0x000000076ab00000, 0x0000000778200000, 0x00000007c0000000)
  eden space 135168K, 100% used [0x000000076ab00000,0x0000000772f00000,0x0000000772f00000)
  from space 19968K, 45% used [0x0000000772f00000,0x00000007737c8748,0x0000000774280000)
  to   space 19456K, 0% used [0x0000000776f00000,0x0000000776f00000,0x0000000778200000)
 ParOldGen       total 189440K, used 25524K [0x00000006c0000000, 0x00000006cb900000, 0x000000076ab00000)
  object space 189440K, 13% used [0x00000006c0000000,0x00000006c18ed050,0x00000006cb900000)
 Metaspace       used 40918K, capacity 41450K, committed 41856K, reserved 1085440K
  class space    used 5269K, capacity 5408K, committed 5504K, reserved 1048576K
Event: 18.813 GC heap after
Heap after GC invocations=10 (full 2):
 PSYoungGen      total 183808K, used 9895K [0x000000076ab00000, 0x0000000777900000, 0x00000007c0000000)
  eden space 173568K, 0% used [0x000000076ab00000,0x000000076ab00000,0x0000000775480000)
  from space 10240K, 96% used [0x0000000776f00000,0x00000007778a9f40,0x0000000777900000)
  to   space 18432K, 0% used [0x0000000775500000,0x0000000775500000,0x0000000776700000)
 ParOldGen       total 189440K, used 25532K [0x00000006c0000000, 0x00000006cb900000, 0x000000076ab00000)
  object space 189440K, 13% used [0x00000006c0000000,0x00000006c18ef050,0x00000006cb900000)
 Metaspace       used 40918K, capacity 41450K, committed 41856K, reserved 1085440K
  class space    used 5269K, capacity 5408K, committed 5504K, reserved 1048576K
}

Deoptimization events (0 events):
No events

Internal exceptions (10 events):
Event: 18.749 Thread 0x00007fcf34461000 Exception <a 'java/lang/ClassNotFoundException': java/lang/ObjectCustomizer> (0x000000077271a420) thrown at [/HUDSON3/workspace/8-2-build-macosx-x86_64/jdk8u66/4988/hotspot/src/share/vm/classfile/systemDictionary.cpp, line 210]
Event: 18.750 Thread 0x00007fcf34461000 Exception <a 'java/lang/ClassNotFoundException': org/springframework/web/servlet/view/DefaultRequestToViewNameTranslatorCustomizer> (0x00000007727370f0) thrown at [/HUDSON3/workspace/8-2-build-macosx-x86_64/jdk8u66/4988/hotspot/src/share/vm/classfile/syst
Event: 18.750 Thread 0x00007fcf34461000 Exception <a 'java/lang/ClassNotFoundException': org/springframework/web/servlet/RequestToViewNameTranslatorCustomizer> (0x000000077275f898) thrown at [/HUDSON3/workspace/8-2-build-macosx-x86_64/jdk8u66/4988/hotspot/src/share/vm/classfile/systemDictionary
Event: 18.752 Thread 0x00007fcf34461000 Exception <a 'java/lang/ClassNotFoundException': java/lang/ObjectCustomizer> (0x0000000772797ea8) thrown at [/HUDSON3/workspace/8-2-build-macosx-x86_64/jdk8u66/4988/hotspot/src/share/vm/classfile/systemDictionary.cpp, line 210]
Event: 18.753 Thread 0x00007fcf34461000 Exception <a 'java/lang/ClassNotFoundException': org/springframework/web/servlet/support/AbstractFlashMapManagerCustomizer> (0x00000007727b3060) thrown at [/HUDSON3/workspace/8-2-build-macosx-x86_64/jdk8u66/4988/hotspot/src/share/vm/classfile/systemDictio
Event: 18.754 Thread 0x00007fcf34461000 Exception <a 'java/lang/ClassNotFoundException': org/springframework/web/servlet/support/SessionFlashMapManagerCustomizer> (0x00000007727d2148) thrown at [/HUDSON3/workspace/8-2-build-macosx-x86_64/jdk8u66/4988/hotspot/src/share/vm/classfile/systemDiction
Event: 18.754 Thread 0x00007fcf34461000 Exception <a 'java/lang/ClassNotFoundException': org/springframework/web/servlet/FlashMapManagerCustomizer> (0x00000007727e91a0) thrown at [/HUDSON3/workspace/8-2-build-macosx-x86_64/jdk8u66/4988/hotspot/src/share/vm/classfile/systemDictionary.cpp, line 2
Event: 18.836 Thread 0x00007fcf34461000 Exception <a 'java/lang/ArrayIndexOutOfBoundsException'> (0x000000076ac86f10) thrown at [/HUDSON3/workspace/8-2-build-macosx-x86_64/jdk8u66/4988/hotspot/src/share/vm/runtime/sharedRuntime.cpp, line 605]
Event: 122.482 Thread 0x00007fcf3380d000 Exception <a 'java/io/FileNotFoundException'> (0x000000076b69df80) thrown at [/HUDSON3/workspace/8-2-build-macosx-x86_64/jdk8u66/4988/hotspot/src/share/vm/prims/jni.cpp, line 709]
Event: 122.482 Thread 0x00007fcf3380d000 Exception <a 'java/io/FileNotFoundException'> (0x000000076b69eed8) thrown at [/HUDSON3/workspace/8-2-build-macosx-x86_64/jdk8u66/4988/hotspot/src/share/vm/prims/jni.cpp, line 709]

Events (10 events):
Event: 417.764 Thread 0x00007fcf3403a000 flushing nmethod 0x00000001039b0f50
Event: 417.764 Thread 0x00007fcf3403a000 flushing nmethod 0x00000001039b6410
Event: 482.370 Thread 0x00007fcf3403a000 flushing nmethod 0x0000000103a004d0
Event: 482.370 Thread 0x00007fcf3403a000 flushing nmethod 0x0000000103a07490
Event: 482.370 Thread 0x00007fcf3403a000 flushing nmethod 0x0000000103a1f1d0
Event: 482.370 Thread 0x00007fcf3403a000 flushing nmethod 0x0000000103a6d510
Event: 482.370 Thread 0x00007fcf3403a000 flushing nmethod 0x0000000103a75f90
Event: 482.370 Thread 0x00007fcf3403a000 flushing nmethod 0x0000000103a909d0
Event: 1705.847 Executing VM operation: RedefineClasses
Event: 1705.866 Executing VM operation: RedefineClasses done


Dynamic libraries:
0x000000000b40b000 	/System/Library/Frameworks/Cocoa.framework/Versions/A/Cocoa
0x000000000b40b000 	/System/Library/Frameworks/Security.framework/Versions/A/Security
0x000000000b40b000 	/System/Library/Frameworks/ApplicationServices.framework/Versions/A/ApplicationServices
0x000000000b40b000 	/usr/lib/libz.1.dylib
0x000000000b40b000 	/usr/lib/libSystem.B.dylib
0x000000000b40b000 	/usr/lib/libobjc.A.dylib
0x000000000b40b000 	/System/Library/Frameworks/CoreFoundation.framework/Versions/A/CoreFoundation
0x000000000b40b000 	/System/Library/Frameworks/Foundation.framework/Versions/C/Foundation
0x000000000b40b000 	/System/Library/Frameworks/AppKit.framework/Versions/C/AppKit
0x000000000b40b000 	/System/Library/Frameworks/CoreData.framework/Versions/A/CoreData
0x000000000b40b000 	/System/Library/PrivateFrameworks/RemoteViewServices.framework/Versions/A/RemoteViewServices
0x000000000b40b000 	/System/Library/PrivateFrameworks/UIFoundation.framework/Versions/A/UIFoundation
0x000000000b40b000 	/System/Library/Frameworks/IOSurface.framework/Versions/A/IOSurface
0x000000000b40b000 	/System/Library/Frameworks/AudioToolbox.framework/Versions/A/AudioToolbox
0x000000000b40b000 	/System/Library/Frameworks/AudioUnit.framework/Versions/A/AudioUnit
0x000000000b40b000 	/System/Library/PrivateFrameworks/DataDetectorsCore.framework/Versions/A/DataDetectorsCore
0x000000000b40b000 	/System/Library/PrivateFrameworks/DesktopServicesPriv.framework/Versions/A/DesktopServicesPriv
0x000000000b40b000 	/System/Library/Frameworks/Carbon.framework/Versions/A/Frameworks/HIToolbox.framework/Versions/A/HIToolbox
0x000000000b40b000 	/System/Library/Frameworks/QuartzCore.framework/Versions/A/QuartzCore
0x000000000b40b000 	/System/Library/Frameworks/Carbon.framework/Versions/A/Frameworks/SpeechRecognition.framework/Versions/A/SpeechRecognition
0x000000000b40b000 	/usr/lib/libauto.dylib
0x000000000b40b000 	/usr/lib/libicucore.A.dylib
0x000000000b40b000 	/usr/lib/libxml2.2.dylib
0x000000000b40b000 	/System/Library/PrivateFrameworks/CoreUI.framework/Versions/A/CoreUI
0x000000000b40b000 	/System/Library/Frameworks/CoreAudio.framework/Versions/A/CoreAudio
0x000000000b40b000 	/System/Library/Frameworks/DiskArbitration.framework/Versions/A/DiskArbitration
0x000000000b40b000 	/usr/lib/liblangid.dylib
0x000000000b40b000 	/System/Library/PrivateFrameworks/MultitouchSupport.framework/Versions/A/MultitouchSupport
0x000000000b40b000 	/System/Library/Frameworks/IOKit.framework/Versions/A/IOKit
0x000000000b40b000 	/usr/lib/libDiagnosticMessagesClient.dylib
0x000000000b40b000 	/System/Library/Frameworks/CoreServices.framework/Versions/A/CoreServices
0x000000000b40b000 	/System/Library/PrivateFrameworks/PerformanceAnalysis.framework/Versions/A/PerformanceAnalysis
0x000000000b40b000 	/System/Library/PrivateFrameworks/GenerationalStorage.framework/Versions/A/GenerationalStorage
0x000000000b40b000 	/System/Library/Frameworks/OpenGL.framework/Versions/A/OpenGL
0x000000000b40b000 	/System/Library/PrivateFrameworks/Sharing.framework/Versions/A/Sharing
0x000000000b40b000 	/System/Library/Frameworks/CoreGraphics.framework/Versions/A/CoreGraphics
0x000000000b40b000 	/System/Library/Frameworks/CoreText.framework/Versions/A/CoreText
0x000000000b40b000 	/System/Library/Frameworks/ImageIO.framework/Versions/A/ImageIO
0x000000000b40b000 	/usr/lib/libextension.dylib
0x000000000b40b000 	/System/Library/PrivateFrameworks/Backup.framework/Versions/A/Backup
0x000000000b40b000 	/usr/lib/libarchive.2.dylib
0x000000000b40b000 	/System/Library/Frameworks/CFNetwork.framework/Versions/A/CFNetwork
0x000000000b40b000 	/System/Library/Frameworks/SystemConfiguration.framework/Versions/A/SystemConfiguration
0x000000000b40b000 	/usr/lib/libCRFSuite.dylib
0x000000000b40b000 	/usr/lib/libc++.1.dylib
0x000000000b40b000 	/usr/lib/libc++abi.dylib
0x000000000b40b000 	/usr/lib/system/libcache.dylib
0x000000000b40b000 	/usr/lib/system/libcommonCrypto.dylib
0x000000000b40b000 	/usr/lib/system/libcompiler_rt.dylib
0x000000000b40b000 	/usr/lib/system/libcopyfile.dylib
0x000000000b40b000 	/usr/lib/system/libcorecrypto.dylib
0x000000000b40b000 	/usr/lib/system/libdispatch.dylib
0x000000000b40b000 	/usr/lib/system/libdyld.dylib
0x000000000b40b000 	/usr/lib/system/libkeymgr.dylib
0x000000000b40b000 	/usr/lib/system/liblaunch.dylib
0x000000000b40b000 	/usr/lib/system/libmacho.dylib
0x000000000b40b000 	/usr/lib/system/libquarantine.dylib
0x000000000b40b000 	/usr/lib/system/libremovefile.dylib
0x000000000b40b000 	/usr/lib/system/libsystem_asl.dylib
0x000000000b40b000 	/usr/lib/system/libsystem_blocks.dylib
0x000000000b40b000 	/usr/lib/system/libsystem_c.dylib
0x000000000b40b000 	/usr/lib/system/libsystem_configuration.dylib
0x000000000b40b000 	/usr/lib/system/libsystem_coreservices.dylib
0x000000000b40b000 	/usr/lib/system/libsystem_coretls.dylib
0x000000000b40b000 	/usr/lib/system/libsystem_dnssd.dylib
0x000000000b40b000 	/usr/lib/system/libsystem_info.dylib
0x000000000b40b000 	/usr/lib/system/libsystem_kernel.dylib
0x000000000b40b000 	/usr/lib/system/libsystem_m.dylib
0x000000000b40b000 	/usr/lib/system/libsystem_malloc.dylib
0x000000000b40b000 	/usr/lib/system/libsystem_network.dylib
0x000000000b40b000 	/usr/lib/system/libsystem_networkextension.dylib
0x000000000b40b000 	/usr/lib/system/libsystem_notify.dylib
0x000000000b40b000 	/usr/lib/system/libsystem_platform.dylib
0x000000000b40b000 	/usr/lib/system/libsystem_pthread.dylib
0x000000000b40b000 	/usr/lib/system/libsystem_sandbox.dylib
0x000000000b40b000 	/usr/lib/system/libsystem_secinit.dylib
0x000000000b40b000 	/usr/lib/system/libsystem_stats.dylib
0x000000000b40b000 	/usr/lib/system/libsystem_trace.dylib
0x000000000b40b000 	/usr/lib/system/libunc.dylib
0x000000000b40b000 	/usr/lib/system/libunwind.dylib
0x000000000b40b000 	/usr/lib/system/libxpc.dylib
0x000000000b40b000 	/usr/lib/libbz2.1.0.dylib
0x000000000b40b000 	/usr/lib/liblzma.5.dylib
0x000000000b40b000 	/usr/lib/libbsm.0.dylib
0x000000000b40b000 	/usr/lib/libsqlite3.dylib
0x000000000b40b000 	/usr/lib/system/libkxld.dylib
0x000000000b40b000 	/usr/lib/libxar.1.dylib
0x000000000b40b000 	/usr/lib/libpam.2.dylib
0x000000000b40b000 	/usr/lib/libOpenScriptingUtil.dylib
0x000000000b40b000 	/System/Library/Frameworks/CoreServices.framework/Versions/A/Frameworks/FSEvents.framework/Versions/A/FSEvents
0x000000000b40b000 	/System/Library/Frameworks/CoreServices.framework/Versions/A/Frameworks/CarbonCore.framework/Versions/A/CarbonCore
0x000000000b40b000 	/System/Library/Frameworks/CoreServices.framework/Versions/A/Frameworks/Metadata.framework/Versions/A/Metadata
0x000000000b40b000 	/System/Library/Frameworks/CoreServices.framework/Versions/A/Frameworks/OSServices.framework/Versions/A/OSServices
0x000000000b40b000 	/System/Library/Frameworks/CoreServices.framework/Versions/A/Frameworks/SearchKit.framework/Versions/A/SearchKit
0x000000000b40b000 	/System/Library/Frameworks/CoreServices.framework/Versions/A/Frameworks/AE.framework/Versions/A/AE
0x000000000b40b000 	/System/Library/Frameworks/CoreServices.framework/Versions/A/Frameworks/LaunchServices.framework/Versions/A/LaunchServices
0x000000000b40b000 	/System/Library/Frameworks/CoreServices.framework/Versions/A/Frameworks/DictionaryServices.framework/Versions/A/DictionaryServices
0x000000000b40b000 	/System/Library/Frameworks/NetFS.framework/Versions/A/NetFS
0x000000000b40b000 	/System/Library/PrivateFrameworks/NetAuth.framework/Versions/A/NetAuth
0x000000000b40b000 	/System/Library/PrivateFrameworks/login.framework/Versions/A/Frameworks/loginsupport.framework/Versions/A/loginsupport
0x000000000b40b000 	/System/Library/PrivateFrameworks/TCC.framework/Versions/A/TCC
0x000000000b40b000 	/usr/lib/libmecabra.dylib
0x000000000b40b000 	/System/Library/Frameworks/ApplicationServices.framework/Versions/A/Frameworks/ATS.framework/Versions/A/ATS
0x000000000b40b000 	/System/Library/Frameworks/ApplicationServices.framework/Versions/A/Frameworks/ColorSync.framework/Versions/A/ColorSync
0x000000000b40b000 	/System/Library/Frameworks/ApplicationServices.framework/Versions/A/Frameworks/HIServices.framework/Versions/A/HIServices
0x000000000b40b000 	/System/Library/Frameworks/ApplicationServices.framework/Versions/A/Frameworks/LangAnalysis.framework/Versions/A/LangAnalysis
0x000000000b40b000 	/System/Library/Frameworks/ApplicationServices.framework/Versions/A/Frameworks/PrintCore.framework/Versions/A/PrintCore
0x000000000b40b000 	/System/Library/Frameworks/ApplicationServices.framework/Versions/A/Frameworks/QD.framework/Versions/A/QD
0x000000000b40b000 	/System/Library/Frameworks/ApplicationServices.framework/Versions/A/Frameworks/SpeechSynthesis.framework/Versions/A/SpeechSynthesis
0x000000000b40b000 	/System/Library/Frameworks/Accelerate.framework/Versions/A/Accelerate
0x000000000b40b000 	/System/Library/Frameworks/Accelerate.framework/Versions/A/Frameworks/vImage.framework/Versions/A/vImage
0x000000000b40b000 	/System/Library/Frameworks/Accelerate.framework/Versions/A/Frameworks/vecLib.framework/Versions/A/vecLib
0x000000000b40b000 	/System/Library/Frameworks/Accelerate.framework/Versions/A/Frameworks/vecLib.framework/Versions/A/libvDSP.dylib
0x000000000b40b000 	/System/Library/Frameworks/Accelerate.framework/Versions/A/Frameworks/vecLib.framework/Versions/A/libvMisc.dylib
0x000000000b40b000 	/System/Library/Frameworks/Accelerate.framework/Versions/A/Frameworks/vecLib.framework/Versions/A/libLAPACK.dylib
0x000000000b40b000 	/System/Library/Frameworks/Accelerate.framework/Versions/A/Frameworks/vecLib.framework/Versions/A/libBLAS.dylib
0x000000000b40b000 	/System/Library/Frameworks/Accelerate.framework/Versions/A/Frameworks/vecLib.framework/Versions/A/libLinearAlgebra.dylib
0x000000000b40b000 	/System/Library/Frameworks/ApplicationServices.framework/Versions/A/Frameworks/ATS.framework/Versions/A/Resources/libFontParser.dylib
0x000000000b40b000 	/System/Library/Frameworks/ApplicationServices.framework/Versions/A/Frameworks/ATS.framework/Versions/A/Resources/libFontRegistry.dylib
0x000000000b40b000 	/System/Library/PrivateFrameworks/AppleVPA.framework/Versions/A/AppleVPA
0x000000000b40b000 	/System/Library/PrivateFrameworks/AppleJPEG.framework/Versions/A/AppleJPEG
0x000000000b40b000 	/System/Library/Frameworks/ImageIO.framework/Versions/A/Resources/libJPEG.dylib
0x000000000b40b000 	/System/Library/Frameworks/ImageIO.framework/Versions/A/Resources/libTIFF.dylib
0x000000000b40b000 	/System/Library/Frameworks/ImageIO.framework/Versions/A/Resources/libPng.dylib
0x000000000b40b000 	/System/Library/Frameworks/ImageIO.framework/Versions/A/Resources/libGIF.dylib
0x000000000b40b000 	/System/Library/Frameworks/ImageIO.framework/Versions/A/Resources/libJP2.dylib
0x000000000b40b000 	/System/Library/Frameworks/ImageIO.framework/Versions/A/Resources/libRadiance.dylib
0x000000000b40b000 	/System/Library/Frameworks/CoreVideo.framework/Versions/A/CoreVideo
0x000000000b40b000 	/System/Library/Frameworks/OpenGL.framework/Versions/A/Libraries/libGLU.dylib
0x000000000b40b000 	/System/Library/Frameworks/OpenGL.framework/Versions/A/Libraries/libGFXShared.dylib
0x000000000b40b000 	/System/Library/Frameworks/OpenGL.framework/Versions/A/Libraries/libGL.dylib
0x000000000b40b000 	/System/Library/Frameworks/OpenGL.framework/Versions/A/Libraries/libGLImage.dylib
0x000000000b40b000 	/System/Library/Frameworks/OpenGL.framework/Versions/A/Libraries/libCVMSPluginSupport.dylib
0x000000000b40b000 	/System/Library/Frameworks/OpenGL.framework/Versions/A/Libraries/libCoreVMClient.dylib
0x000000000b40b000 	/usr/lib/libcups.2.dylib
0x000000000b40b000 	/System/Library/Frameworks/Kerberos.framework/Versions/A/Kerberos
0x000000000b40b000 	/System/Library/Frameworks/GSS.framework/Versions/A/GSS
0x000000000b40b000 	/usr/lib/libresolv.9.dylib
0x000000000b40b000 	/usr/lib/libiconv.2.dylib
0x000000000b40b000 	/System/Library/PrivateFrameworks/Heimdal.framework/Versions/A/Heimdal
0x000000000b40b000 	/usr/lib/libheimdal-asn1.dylib
0x000000000b40b000 	/System/Library/Frameworks/OpenDirectory.framework/Versions/A/OpenDirectory
0x000000000b40b000 	/System/Library/PrivateFrameworks/CommonAuth.framework/Versions/A/CommonAuth
0x000000000b40b000 	/System/Library/Frameworks/OpenDirectory.framework/Versions/A/Frameworks/CFOpenDirectory.framework/Versions/A/CFOpenDirectory
0x000000000b40b000 	/System/Library/Frameworks/SecurityFoundation.framework/Versions/A/SecurityFoundation
0x000000000b40b000 	/System/Library/PrivateFrameworks/LanguageModeling.framework/Versions/A/LanguageModeling
0x000000000b40b000 	/usr/lib/libcmph.dylib
0x000000000b40b000 	/System/Library/Frameworks/ServiceManagement.framework/Versions/A/ServiceManagement
0x000000000b40b000 	/usr/lib/libxslt.1.dylib
0x000000000b40b000 	/System/Library/Frameworks/Carbon.framework/Versions/A/Frameworks/Ink.framework/Versions/A/Ink
0x000000000b40b000 	/System/Library/Frameworks/QuartzCore.framework/Versions/A/Frameworks/CoreImage.framework/Versions/A/CoreImage
0x000000000b40b000 	/System/Library/PrivateFrameworks/CrashReporterSupport.framework/Versions/A/CrashReporterSupport
0x000000000b40b000 	/System/Library/Frameworks/OpenCL.framework/Versions/A/OpenCL
0x000000000b40b000 	/System/Library/PrivateFrameworks/FaceCore.framework/Versions/A/FaceCore
0x000000000b40b000 	/System/Library/PrivateFrameworks/Ubiquity.framework/Versions/A/Ubiquity
0x000000000b40b000 	/System/Library/PrivateFrameworks/IconServices.framework/Versions/A/IconServices
0x000000000b40b000 	/System/Library/PrivateFrameworks/ChunkingLibrary.framework/Versions/A/ChunkingLibrary
0x000000000b40b000 	/System/Library/PrivateFrameworks/Apple80211.framework/Versions/A/Apple80211
0x000000000b40b000 	/System/Library/Frameworks/CoreWLAN.framework/Versions/A/CoreWLAN
0x000000000b40b000 	/System/Library/Frameworks/IOBluetooth.framework/Versions/A/IOBluetooth
0x000000000b40b000 	/System/Library/PrivateFrameworks/CoreWiFi.framework/Versions/A/CoreWiFi
0x000000000b40b000 	/System/Library/Frameworks/CoreBluetooth.framework/Versions/A/CoreBluetooth
0x000000000b40b000 	/System/Library/PrivateFrameworks/DebugSymbols.framework/Versions/A/DebugSymbols
0x000000000b40b000 	/System/Library/PrivateFrameworks/CoreSymbolication.framework/Versions/A/CoreSymbolication
0x000000000b40b000 	/System/Library/PrivateFrameworks/Symbolication.framework/Versions/A/Symbolication
0x000000000b40b000 	/System/Library/PrivateFrameworks/SpeechRecognitionCore.framework/Versions/A/SpeechRecognitionCore
0x0000000102200000 	/Library/Java/JavaVirtualMachines/jdk1.8.0_66.jdk/Contents/Home/jre/lib/server/libjvm.dylib
0x000000000b40b000 	/usr/lib/libstdc++.6.dylib
0x0000000101186000 	/Library/Java/JavaVirtualMachines/jdk1.8.0_66.jdk/Contents/Home/jre/lib/libverify.dylib
0x0000000101194000 	/Library/Java/JavaVirtualMachines/jdk1.8.0_66.jdk/Contents/Home/jre/lib/libjava.dylib
0x0000000103289000 	/Library/Java/JavaVirtualMachines/jdk1.8.0_66.jdk/Contents/Home/jre/lib/libjdwp.dylib
0x00000001011ca000 	/Library/Java/JavaVirtualMachines/jdk1.8.0_66.jdk/Contents/Home/jre/lib/libnpt.dylib
0x00000001011d7000 	/Library/Java/JavaVirtualMachines/jdk1.8.0_66.jdk/Contents/Home/jre/lib/libzip.dylib
0x00000001011e1000 	/System/Library/Frameworks/JavaVM.framework/Frameworks/JavaRuntimeSupport.framework/JavaRuntimeSupport
0x000000011eeaa000 	/System/Library/Frameworks/JavaVM.framework/Versions/A/Frameworks/JavaNativeFoundation.framework/Versions/A/JavaNativeFoundation
0x000000011eebe000 	/System/Library/Frameworks/JavaVM.framework/Versions/A/JavaVM
0x000000000b40b000 	/System/Library/Frameworks/Carbon.framework/Versions/A/Carbon
0x000000011eeca000 	/System/Library/PrivateFrameworks/JavaLaunching.framework/Versions/A/JavaLaunching
0x000000000b40b000 	/System/Library/Frameworks/Carbon.framework/Versions/A/Frameworks/CommonPanels.framework/Versions/A/CommonPanels
0x000000000b40b000 	/System/Library/Frameworks/Carbon.framework/Versions/A/Frameworks/Help.framework/Versions/A/Help
0x000000000b40b000 	/System/Library/Frameworks/Carbon.framework/Versions/A/Frameworks/ImageCapture.framework/Versions/A/ImageCapture
0x000000000b40b000 	/System/Library/Frameworks/Carbon.framework/Versions/A/Frameworks/OpenScripting.framework/Versions/A/OpenScripting
0x000000000b40b000 	/System/Library/Frameworks/Carbon.framework/Versions/A/Frameworks/Print.framework/Versions/A/Print
0x000000000b40b000 	/System/Library/Frameworks/Carbon.framework/Versions/A/Frameworks/SecurityHI.framework/Versions/A/SecurityHI
0x00000001208b0000 	/Library/Java/JavaVirtualMachines/jdk1.8.0_66.jdk/Contents/Home/jre/lib/libdt_socket.dylib
0x00000001210cf000 	/Library/Java/JavaVirtualMachines/jdk1.8.0_66.jdk/Contents/Home/jre/lib/libmanagement.dylib
0x00000001210dd000 	/Library/Java/JavaVirtualMachines/jdk1.8.0_66.jdk/Contents/Home/jre/lib/libnet.dylib
0x0000000121574000 	/Library/Java/JavaVirtualMachines/jdk1.8.0_66.jdk/Contents/Home/jre/lib/libnio.dylib

VM Arguments:
jvm_args: -agentlib:jdwp=transport=dt_socket,suspend=y,address=localhost:62245 -Dcom.sun.management.jmxremote -Dcom.sun.management.jmxremote.port=62244 -Dcom.sun.management.jmxremote.authenticate=false -Dcom.sun.management.jmxremote.ssl=false -Djava.rmi.server.hostname=localhost -Dspring.liveBeansView.mbeanDomain -Dspring.application.admin.enabled=true -Djava.security.egd=file:/dev/./urandom -Xverify:none -XX:TieredStopAtLevel=1 -Dfile.encoding=UTF-8 
java_command: com.tess.j8basic.J8BasicApplication --spring.output.ansi.enabled=always
java_class_path (initial): /Library/Java/JavaVirtualMachines/jdk1.8.0_66.jdk/Contents/Home/jre/lib/resources.jar:/Library/Java/JavaVirtualMachines/jdk1.8.0_66.jdk/Contents/Home/jre/lib/rt.jar:/Library/Java/JavaVirtualMachines/jdk1.8.0_66.jdk/Contents/Home/jre/lib/jsse.jar:/Library/Java/JavaVirtualMachines/jdk1.8.0_66.jdk/Contents/Home/jre/lib/jce.jar:/Library/Java/JavaVirtualMachines/jdk1.8.0_66.jdk/Contents/Home/jre/lib/charsets.jar:/Library/Java/JavaVirtualMachines/jdk1.8.0_66.jdk/Contents/Home/jre/lib/jfr.jar:/Library/Java/JavaVirtualMachines/jdk1.8.0_66.jdk/Contents/Home/jre/lib/ext/cldrdata.jar:/Library/Java/JavaVirtualMachines/jdk1.8.0_66.jdk/Contents/Home/jre/lib/ext/dnsns.jar:/Library/Java/JavaVirtualMachines/jdk1.8.0_66.jdk/Contents/Home/jre/lib/ext/jaccess.jar:/Library/Java/JavaVirtualMachines/jdk1.8.0_66.jdk/Contents/Home/jre/lib/ext/jfxrt.jar:/Library/Java/JavaVirtualMachines/jdk1.8.0_66.jdk/Contents/Home/jre/lib/ext/localedata.jar:/Library/Java/JavaVirtualMachines/jdk1.8.0_66.jdk/Contents/Home/jre/lib/ext/nashorn.jar:/Library/Java/JavaVirtualMachines/jdk1.8.0_66.jdk/Contents/Home/jre/lib/ext/sunec.jar:/Library/Java/JavaVirtualMachines/jdk1.8.0_66.jdk/Contents/Home/jre/lib/ext/sunjce_provider.jar:/Library/Java/JavaVirtualMachines/jdk1.8.0_66.jdk/Contents/Home/jre/lib/ext/sunpkcs11.jar:/Library/Java/JavaVirtualMachines/jdk1.8.0_66.jdk/Contents/Home/jre/lib/ext/zipfs.jar:/System/Library/Java/Extensions/MRJToolkit.jar:/Users/ywu/config-repo/j8/j8-basic/target/classes:/Users/ywu/.m2/repository/org/springframework/boot/spring-boot-starter-actuator/1.5.8.RELEASE/spring-boot-starter-actuator-1.5.8.RELEASE.jar:/Users/ywu/.m2/repository/org/springframework/boot/spring-boot-starter/1.5.8.RELEASE/spring-boot-starter-1.5.8.RELEASE.jar:/Users/ywu/.m2/repository/org/springframework/boot/spring-boot/1.5.8.RELEASE/spring-boot-1.5.8.RELEASE.jar:/Users/ywu/.m2/repository/org/springframework/boot/spring-boot-autoconfigure/1.5.8.RELEASE/spring-boot-autoconfigure-1.5.8.REL
Launcher Type: SUN_STANDARD

Environment Variables:
PATH=/usr/bin:/bin:/usr/sbin:/sbin
SHELL=/bin/bash

Signal Handlers:
SIGSEGV: [libjvm.dylib+0x5a65d5], sa_mask[0]=11111111011111110111111111111111, sa_flags=SA_ONSTACK|SA_RESTART|SA_SIGINFO
SIGBUS: [libjvm.dylib+0x5a65d5], sa_mask[0]=11111111011111110111111111111111, sa_flags=SA_RESTART|SA_SIGINFO
SIGFPE: [libjvm.dylib+0x4802e8], sa_mask[0]=11111111011111110111111111111111, sa_flags=SA_RESTART|SA_SIGINFO
SIGPIPE: [libjvm.dylib+0x4802e8], sa_mask[0]=11111111011111110111111111111111, sa_flags=SA_RESTART|SA_SIGINFO
SIGXFSZ: [libjvm.dylib+0x4802e8], sa_mask[0]=11111111011111110111111111111111, sa_flags=SA_RESTART|SA_SIGINFO
SIGILL: [libjvm.dylib+0x4802e8], sa_mask[0]=11111111011111110111111111111111, sa_flags=SA_RESTART|SA_SIGINFO
SIGUSR1: SIG_DFL, sa_mask[0]=00000000000000000000000000000000, sa_flags=none
SIGUSR2: [libjvm.dylib+0x47fe06], sa_mask[0]=00100000000000000000000000000000, sa_flags=SA_RESTART|SA_SIGINFO
SIGHUP: [libjvm.dylib+0x47e3dd], sa_mask[0]=11111111011111110111111111111111, sa_flags=SA_RESTART|SA_SIGINFO
SIGINT: [libjvm.dylib+0x47e3dd], sa_mask[0]=11111111011111110111111111111111, sa_flags=SA_RESTART|SA_SIGINFO
SIGTERM: [libjvm.dylib+0x47e3dd], sa_mask[0]=11111111011111110111111111111111, sa_flags=SA_RESTART|SA_SIGINFO
SIGQUIT: [libjvm.dylib+0x47e3dd], sa_mask[0]=11111111011111110111111111111111, sa_flags=SA_RESTART|SA_SIGINFO


---------------  S Y S T E M  ---------------

OS:Bsduname:Darwin 14.5.0 Darwin Kernel Version 14.5.0: Sun Sep 25 22:07:15 PDT 2016; root:xnu-2782.50.9~1/RELEASE_X86_64 x86_64
rlimit: STACK 8192k, CORE 0k, NPROC 709, NOFILE 10240, AS infinity
load average:2.83 2.76 2.60

CPU:total 8 (4 cores per cpu, 2 threads per core) family 6 model 70 stepping 1, cmov, cx8, fxsr, mmx, sse, sse2, sse3, ssse3, sse4.1, sse4.2, popcnt, avx, avx2, aes, clmul, erms, rtm, lzcnt, ht, tsc, tscinvbit, bmi1, bmi2

Memory: 4k page, physical 16777216k(433944k free)

/proc/meminfo:


vm_info: Java HotSpot(TM) 64-Bit Server VM (25.66-b17) for bsd-amd64 JRE (1.8.0_66-b17), built on Oct  6 2015 16:09:13 by "java_re" with gcc 4.2.1 (Based on Apple Inc. build 5658) (LLVM build 2336.11.00)

time: Mon Nov 13 16:30:25 2017
elapsed time: 1705 seconds (0d 0h 28m 25s)

