#
# A fatal error has been detected by the Java Runtime Environment:
#
#  SIGSEGV (0xb) at pc=0x000000010ba461b0, pid=3367, tid=18691
#
# JRE version: Java(TM) SE Runtime Environment (8.0_66-b17) (build 1.8.0_66-b17)
# Java VM: Java HotSpot(TM) 64-Bit Server VM (25.66-b17 mixed mode bsd-amd64 compressed oops)
# Problematic frame:
# V  [libjvm.dylib+0x4461b0]  Method::checked_resolve_jmethod_id(_jmethodID*)+0xe
#
# Failed to write core dump. Core dumps have been disabled. To enable core dumping, try "ulimit -c unlimited" before starting Java again
#
# If you would like to submit a bug report, please visit:
#   http://bugreport.java.com/bugreport/crash.jsp
#

---------------  T H R E A D  ---------------

Current thread (0x00007fbc6900e000):  JavaThread "JDWP Transport Listener: dt_socket" daemon [_thread_in_vm, id=18691, stack(0x0000000129d2a000,0x0000000129e2a000)]

siginfo: si_signo: 11 (SIGSEGV), si_code: 0 (unknown), si_addr: 0x0000000000000000

Registers:
RAX=0x0000000000000001, RBX=0x0000000129e29a8b, RCX=0x000000010be14310, RDX=0x0000000129e29a8b
RSP=0x0000000129e299d0, RBP=0x0000000129e299e0, RSI=0x00007fbc6900e000, RDI=0x0001000600000017
R8 =0x0000000000000000, R9 =0x00007fbc6db00000, R10=0x0000000000000010, R11=0x00007fbc6db00000
R12=0x00007fbc6900e000, R13=0x0001000600000017, R14=0x0001000600000017, R15=0x00007fbc6a901d20
RIP=0x000000010ba461b0, EFLAGS=0x0000000000010206, ERR=0x0000000000000000
  TRAPNO=0x000000000000000d

Top of Stack: (sp=0x0000000129e299d0)
0x0000000129e299d0:   0000000129e29a8b 0000000129e29a8b
0x0000000129e299e0:   0000000129e29a40 000000010b9552be
0x0000000129e299f0:   00007fbc6900e000 0000000000000000
0x0000000129e29a00:   0000000000000000 0000000000000000
0x0000000129e29a10:   00007fbc6900e000 00007fbc6900e000
0x0000000129e29a20:   0000000129e29a8b 0000000129e29a90
0x0000000129e29a30:   0001000600000017 000000000000000b
0x0000000129e29a40:   0000000129e29a60 000000010c6ec780
0x0000000129e29a50:   0000000000000001 0000000129e29b08
0x0000000129e29a60:   0000000129e29ad0 000000010c6d11f3
0x0000000129e29a70:   0000000129e29aa0 00007fbc6db19a70
0x0000000129e29a80:   0000000c00000032 f000100a01e29b08
0x0000000129e29a90:   0000000000000000 0000000000000000
0x0000000129e29aa0:   0000000000000000 0000000129e29c90
0x0000000129e29ab0:   000000010c6f3e7a 00007fbc6a84ce30
0x0000000129e29ac0:   0000000129e29b08 000000010c6ff598
0x0000000129e29ad0:   0000000129e29ae0 000000010c6d12ec
0x0000000129e29ae0:   0000000129e29d00 000000010c6da898
0x0000000129e29af0:   00005d7a00000013 00000000000f0200
0x0000000129e29b00:   00007fbc6db0d6d0 00007fbc6db1a120
0x0000000129e29b10:   00007fbc00000028 00007fbc6db19590
0x0000000129e29b20:   00007fbc0000012c 0000000129e29b58
0x0000000129e29b30:   00007fbc6db19590 00007f0000000000
0x0000000129e29b40:   00005d7a0000001c 00007fff0000c780
0x0000000129e29b50:   0000000129e29b58 bc7f00000c000000
0x0000000129e29b60:   060000008887e96a 00003e74696e693c
0x0000000129e29b70:   0000005629280300 7f00000100000000
0x0000000129e29b80:   000000b0a3dd6abc 7473694c7465670c
0x0000000129e29b90:   00000073656c6946 6176616a4c292812
0x0000000129e29ba0:   694c2f6c6974752f 28260000003b7473
0x0000000129e29bb0:   752f6176616a4c29 7473694c2f6c6974
0x0000000129e29bc0:   6c2f6176616a4c3c 697274532f676e61 

Instructions: (pc=0x000000010ba461b0)
0x000000010ba46190:   40 48 48 85 c0 75 e0 30 c0 0f b6 c0 5d c3 31 c0
0x000000010ba461a0:   5d c3 55 48 89 e5 53 48 83 ec 08 48 85 ff 74 24
0x000000010ba461b0:   48 8b 1f 48 85 db 74 1c 48 83 fb 37 74 16 48 8b
0x000000010ba461c0:   03 48 89 df ff 50 10 84 c0 b8 00 00 00 00 48 0f 

Register to memory mapping:

RAX=0x0000000000000001 is an unknown value
RBX=0x0000000129e29a8b is pointing into the stack for thread: 0x00007fbc6900e000
RCX=0x000000010be14310: UseMembar+0 in /Library/Java/JavaVirtualMachines/jdk1.8.0_66.jdk/Contents/Home/jre/lib/server/libjvm.dylib at 0x000000010b600000
RDX=0x0000000129e29a8b is pointing into the stack for thread: 0x00007fbc6900e000
RSP=0x0000000129e299d0 is pointing into the stack for thread: 0x00007fbc6900e000
RBP=0x0000000129e299e0 is pointing into the stack for thread: 0x00007fbc6900e000
RSI=0x00007fbc6900e000 is a thread
RDI=0x0001000600000017 is an unknown value
R8 =0x0000000000000000 is an unknown value
R9 =0x00007fbc6db00000 is an unknown value
R10=0x0000000000000010 is an unknown value
R11=0x00007fbc6db00000 is an unknown value
R12=0x00007fbc6900e000 is a thread
R13=0x0001000600000017 is an unknown value
R14=0x0001000600000017 is an unknown value
R15=0x00007fbc6a901d20 is an unknown value


Stack: [0x0000000129d2a000,0x0000000129e2a000],  sp=0x0000000129e299d0,  free space=1022k
Native frames: (J=compiled Java code, j=interpreted, Vv=VM code, C=native code)
V  [libjvm.dylib+0x4461b0]  Method::checked_resolve_jmethod_id(_jmethodID*)+0xe
V  [libjvm.dylib+0x3552be]  jvmti_IsMethodSynthetic+0xb2
C  [libjdwp.dylib+0x20780]  isMethodSynthetic+0x63
C  [libjdwp.dylib+0x51f3]  methods1+0x10b
C  [libjdwp.dylib+0x52ec]  methodsWithGeneric+0xe
C  [libjdwp.dylib+0xe898]  debugLoop_run+0x1ce
C  [libjdwp.dylib+0x1f6ba]  attachThread+0x4d
V  [libjvm.dylib+0x39661c]  JvmtiAgentThread::call_start_function()+0x38
V  [libjvm.dylib+0x560b83]  JavaThread::thread_main_inner()+0x9b
V  [libjvm.dylib+0x56227e]  JavaThread::run()+0x1c2
V  [libjvm.dylib+0x482cd6]  java_start(Thread*)+0xf6
C  [libsystem_pthread.dylib+0x405a]  _pthread_body+0x83
C  [libsystem_pthread.dylib+0x3fd7]  _pthread_body+0x0
C  [libsystem_pthread.dylib+0x13ed]  thread_start+0xd
C  0x0000000000000000


---------------  P R O C E S S  ---------------

Java Threads: ( => current thread )
  0x00007fbc6b215000 JavaThread "DestroyJavaVM" [_thread_blocked, id=4867, stack(0x000000010c587000,0x000000010c687000)]
  0x00007fbc6d331000 JavaThread "http-nio-8080-AsyncTimeout" daemon [_thread_blocked, id=35587, stack(0x000000012df3d000,0x000000012e03d000)]
  0x00007fbc6d32e000 JavaThread "http-nio-8080-Acceptor-0" daemon [_thread_in_native, id=35075, stack(0x000000012de3a000,0x000000012df3a000)]
  0x00007fbc6c4f5800 JavaThread "http-nio-8080-ClientPoller-1" daemon [_thread_in_native, id=34563, stack(0x000000012dd37000,0x000000012de37000)]
  0x00007fbc6b80e800 JavaThread "http-nio-8080-ClientPoller-0" daemon [_thread_in_native, id=34051, stack(0x000000012dc34000,0x000000012dd34000)]
  0x00007fbc6b809800 JavaThread "http-nio-8080-exec-10" daemon [_thread_blocked, id=33539, stack(0x000000012db31000,0x000000012dc31000)]
  0x00007fbc69803000 JavaThread "http-nio-8080-exec-9" daemon [_thread_blocked, id=33027, stack(0x000000012da2e000,0x000000012db2e000)]
  0x00007fbc6c4f2800 JavaThread "http-nio-8080-exec-8" daemon [_thread_blocked, id=32515, stack(0x000000012d92b000,0x000000012da2b000)]
  0x00007fbc6981a000 JavaThread "http-nio-8080-exec-7" daemon [_thread_blocked, id=32003, stack(0x000000012d828000,0x000000012d928000)]
  0x00007fbc6b807800 JavaThread "http-nio-8080-exec-6" daemon [_thread_blocked, id=31491, stack(0x000000012d725000,0x000000012d825000)]
  0x00007fbc6981b000 JavaThread "http-nio-8080-exec-5" daemon [_thread_blocked, id=30979, stack(0x000000012d622000,0x000000012d722000)]
  0x00007fbc69802000 JavaThread "http-nio-8080-exec-4" daemon [_thread_blocked, id=30467, stack(0x000000012d51f000,0x000000012d61f000)]
  0x00007fbc6b3aa800 JavaThread "http-nio-8080-exec-3" daemon [_thread_blocked, id=29955, stack(0x000000012d41c000,0x000000012d51c000)]
  0x00007fbc6b3a9800 JavaThread "http-nio-8080-exec-2" daemon [_thread_blocked, id=29443, stack(0x000000012d319000,0x000000012d419000)]
  0x00007fbc6b3a9000 JavaThread "http-nio-8080-exec-1" daemon [_thread_blocked, id=28931, stack(0x000000012d216000,0x000000012d316000)]
  0x00007fbc6c4d8000 JavaThread "NioBlockingSelector.BlockPoller-1" daemon [_thread_in_native, id=28419, stack(0x000000012d113000,0x000000012d213000)]
  0x00007fbc6d2ee000 JavaThread "Tomcat JDBC Pool Cleaner[349885916:1510549998064]" daemon [_thread_blocked, id=27907, stack(0x000000012c610000,0x000000012c710000)]
  0x00007fbc6b243800 JavaThread "container-0" [_thread_blocked, id=27395, stack(0x000000012c50d000,0x000000012c60d000)]
  0x00007fbc6b243000 JavaThread "ContainerBackgroundProcessor[StandardEngine[Tomcat]]" daemon [_thread_blocked, id=26883, stack(0x000000012c40a000,0x000000012c50a000)]
  0x00007fbc6c1f8000 JavaThread "RMI TCP Accept-0" daemon [_thread_in_native, id=25095, stack(0x000000012ae53000,0x000000012af53000)]
  0x00007fbc6d050000 JavaThread "RMI TCP Accept-50790" daemon [_thread_in_native, id=23299, stack(0x000000012ad50000,0x000000012ae50000)]
  0x00007fbc69800800 JavaThread "RMI TCP Accept-0" daemon [_thread_in_native, id=22787, stack(0x000000012ac4d000,0x000000012ad4d000)]
  0x00007fbc6d034800 JavaThread "Service Thread" daemon [_thread_blocked, id=22275, stack(0x000000012a43f000,0x000000012a53f000)]
  0x00007fbc6c02f800 JavaThread "C1 CompilerThread3" daemon [_thread_blocked, id=21763, stack(0x000000012a33c000,0x000000012a43c000)]
  0x00007fbc6c031000 JavaThread "C2 CompilerThread2" daemon [_thread_blocked, id=21251, stack(0x000000012a239000,0x000000012a339000)]
  0x00007fbc6d020800 JavaThread "C2 CompilerThread1" daemon [_thread_blocked, id=20739, stack(0x000000012a136000,0x000000012a236000)]
  0x00007fbc6b00a800 JavaThread "C2 CompilerThread0" daemon [_thread_blocked, id=20227, stack(0x000000012a033000,0x000000012a133000)]
  0x00007fbc6b00a000 JavaThread "JDWP Command Reader" daemon [_thread_in_native, id=19715, stack(0x0000000129f30000,0x000000012a030000)]
  0x00007fbc69021800 JavaThread "JDWP Event Helper Thread" daemon [_thread_blocked, id=19203, stack(0x0000000129e2d000,0x0000000129f2d000)]
=>0x00007fbc6900e000 JavaThread "JDWP Transport Listener: dt_socket" daemon [_thread_in_vm, id=18691, stack(0x0000000129d2a000,0x0000000129e2a000)]
  0x00007fbc6d02b800 JavaThread "Signal Dispatcher" daemon [_thread_blocked, id=14615, stack(0x0000000129c20000,0x0000000129d20000)]
  0x00007fbc6c05d800 JavaThread "Finalizer" daemon [_thread_blocked, id=13571, stack(0x0000000128200000,0x0000000128300000)]
  0x00007fbc6c05d000 JavaThread "Reference Handler" daemon [_thread_blocked, id=13059, stack(0x00000001280fd000,0x00000001281fd000)]

Other Threads:
  0x00007fbc6c05a800 VMThread [stack: 0x0000000127ffa000,0x00000001280fa000] [id=12547]
  0x00007fbc6905b800 WatcherThread [stack: 0x000000012af56000,0x000000012b056000] [id=25347]

VM state:not at safepoint (normal execution)

VM Mutex/Monitor currently owned by a thread: None

Heap:
 PSYoungGen      total 182272K, used 25035K [0x000000076ab00000, 0x0000000777780000, 0x00000007c0000000)
  eden space 172032K, 8% used [0x000000076ab00000,0x000000076b99c400,0x0000000775300000)
  from space 10240K, 98% used [0x0000000776d80000,0x0000000777756bf8,0x0000000777780000)
  to   space 18432K, 0% used [0x0000000775380000,0x0000000775380000,0x0000000776580000)
 ParOldGen       total 191488K, used 25504K [0x00000006c0000000, 0x00000006cbb00000, 0x000000076ab00000)
  object space 191488K, 13% used [0x00000006c0000000,0x00000006c18e8198,0x00000006cbb00000)
 Metaspace       used 41495K, capacity 41990K, committed 42368K, reserved 1085440K
  class space    used 5360K, capacity 5484K, committed 5504K, reserved 1048576K

Card table byte_map: [0x000000011baec000,0x000000011c2ed000] byte_map_base: 0x00000001184ec000

Marking Bits: (ParMarkBitMap*) 0x000000010bedde20
 Begin Bits: [0x000000011d05b000, 0x000000012105b000)
 End Bits:   [0x000000012105b000, 0x000000012505b000)

Polling page: 0x000000010a5fc000

CodeCache: size=245760Kb used=8619Kb max_used=8693Kb free=237140Kb
 bounds [0x000000010c72c000, 0x000000010cfac000, 0x000000011b72c000]
 total_blobs=4426 nmethods=3949 adapters=397
 compilation: enabled

Compilation events (10 events):
Event: 332.263 Thread 0x00007fbc6c02f800 3991       1       org.apache.catalina.webresources.CachedResource::getNextCheck (5 bytes)
Event: 332.263 Thread 0x00007fbc6c02f800 nmethod 3991 0x000000010c868290 code [0x000000010c8683e0, 0x000000010c8684f0]
Event: 337.668 Thread 0x00007fbc6c02f800 3992       1       org.apache.tomcat.jdbc.pool.PoolProperties::isRemoveAbandoned (5 bytes)
Event: 337.668 Thread 0x00007fbc6c02f800 nmethod 3992 0x000000010c867fd0 code [0x000000010c868120, 0x000000010c868230]
Event: 337.669 Thread 0x00007fbc6c02f800 3993       1       org.apache.tomcat.jdbc.pool.PoolProperties::getSuspectTimeout (5 bytes)
Event: 337.669 Thread 0x00007fbc6c02f800 nmethod 3993 0x000000010c8b8610 code [0x000000010c8b8760, 0x000000010c8b8870]
Event: 337.669 Thread 0x00007fbc6c02f800 3994       1       org.apache.tomcat.jdbc.pool.PoolProperties::isTestWhileIdle (5 bytes)
Event: 337.669 Thread 0x00007fbc6c02f800 nmethod 3994 0x000000010c902f10 code [0x000000010c903060, 0x000000010c903170]
Event: 362.268 Thread 0x00007fbc6c02f800 3995       1       org.apache.catalina.valves.ValveBase::getNext (5 bytes)
Event: 362.268 Thread 0x00007fbc6c02f800 nmethod 3995 0x000000010c979bd0 code [0x000000010c979d20, 0x000000010c979e30]

GC Heap History (10 events):
Event: 2.294 GC heap before
{Heap before GC invocations=6 (full 1):
 PSYoungGen      total 100864K, used 100800K [0x000000076ab00000, 0x0000000773a80000, 0x00000007c0000000)
  eden space 95744K, 100% used [0x000000076ab00000,0x0000000770880000,0x0000000770880000)
  from space 5120K, 98% used [0x0000000773580000,0x0000000773a703e0,0x0000000773a80000)
  to   space 10752K, 0% used [0x0000000772580000,0x0000000772580000,0x0000000773000000)
 ParOldGen       total 113664K, used 12317K [0x00000006c0000000, 0x00000006c6f00000, 0x000000076ab00000)
  object space 113664K, 10% used [0x00000006c0000000,0x00000006c0c07570,0x00000006c6f00000)
 Metaspace       used 27315K, capacity 27702K, committed 28032K, reserved 1073152K
  class space    used 3529K, capacity 3626K, committed 3712K, reserved 1048576K
Event: 2.303 GC heap after
Heap after GC invocations=6 (full 1):
 PSYoungGen      total 136192K, used 10725K [0x000000076ab00000, 0x0000000775200000, 0x00000007c0000000)
  eden space 125440K, 0% used [0x000000076ab00000,0x000000076ab00000,0x0000000772580000)
  from space 10752K, 99% used [0x0000000772580000,0x0000000772ff9748,0x0000000773000000)
  to   space 15872K, 0% used [0x0000000774280000,0x0000000774280000,0x0000000775200000)
 ParOldGen       total 113664K, used 14752K [0x00000006c0000000, 0x00000006c6f00000, 0x000000076ab00000)
  object space 113664K, 12% used [0x00000006c0000000,0x00000006c0e68348,0x00000006c6f00000)
 Metaspace       used 27315K, capacity 27702K, committed 28032K, reserved 1073152K
  class space    used 3529K, capacity 3626K, committed 3712K, reserved 1048576K
}
Event: 2.807 GC heap before
{Heap before GC invocations=7 (full 1):
 PSYoungGen      total 136192K, used 108495K [0x000000076ab00000, 0x0000000775200000, 0x00000007c0000000)
  eden space 125440K, 77% used [0x000000076ab00000,0x0000000770a7a568,0x0000000772580000)
  from space 10752K, 99% used [0x0000000772580000,0x0000000772ff9748,0x0000000773000000)
  to   space 15872K, 0% used [0x0000000774280000,0x0000000774280000,0x0000000775200000)
 ParOldGen       total 113664K, used 14752K [0x00000006c0000000, 0x00000006c6f00000, 0x000000076ab00000)
  object space 113664K, 12% used [0x00000006c0000000,0x00000006c0e68348,0x00000006c6f00000)
 Metaspace       used 34759K, capacity 35124K, committed 35416K, reserved 1081344K
  class space    used 4457K, capacity 4559K, committed 4608K, reserved 1048576K
Event: 2.817 GC heap after
Heap after GC invocations=7 (full 1):
 PSYoungGen      total 151040K, used 15849K [0x000000076ab00000, 0x0000000778580000, 0x00000007c0000000)
  eden space 135168K, 0% used [0x000000076ab00000,0x000000076ab00000,0x0000000772f00000)
  from space 15872K, 99% used [0x0000000774280000,0x00000007751fa508,0x0000000775200000)
  to   space 19968K, 0% used [0x0000000772f00000,0x0000000772f00000,0x0000000774280000)
 ParOldGen       total 113664K, used 17431K [0x00000006c0000000, 0x00000006c6f00000, 0x000000076ab00000)
  object space 113664K, 15% used [0x00000006c0000000,0x00000006c1105f20,0x00000006c6f00000)
 Metaspace       used 34759K, capacity 35124K, committed 35416K, reserved 1081344K
  class space    used 4457K, capacity 4559K, committed 4608K, reserved 1048576K
}
Event: 2.818 GC heap before
{Heap before GC invocations=8 (full 2):
 PSYoungGen      total 151040K, used 15849K [0x000000076ab00000, 0x0000000778580000, 0x00000007c0000000)
  eden space 135168K, 0% used [0x000000076ab00000,0x000000076ab00000,0x0000000772f00000)
  from space 15872K, 99% used [0x0000000774280000,0x00000007751fa508,0x0000000775200000)
  to   space 19968K, 0% used [0x0000000772f00000,0x0000000772f00000,0x0000000774280000)
 ParOldGen       total 113664K, used 17431K [0x00000006c0000000, 0x00000006c6f00000, 0x000000076ab00000)
  object space 113664K, 15% used [0x00000006c0000000,0x00000006c1105f20,0x00000006c6f00000)
 Metaspace       used 34759K, capacity 35124K, committed 35416K, reserved 1081344K
  class space    used 4457K, capacity 4559K, committed 4608K, reserved 1048576K
Event: 2.879 GC heap after
Heap after GC invocations=8 (full 2):
 PSYoungGen      total 151040K, used 0K [0x000000076ab00000, 0x0000000778580000, 0x00000007c0000000)
  eden space 135168K, 0% used [0x000000076ab00000,0x000000076ab00000,0x0000000772f00000)
  from space 15872K, 0% used [0x0000000774280000,0x0000000774280000,0x0000000775200000)
  to   space 19968K, 0% used [0x0000000772f00000,0x0000000772f00000,0x0000000774280000)
 ParOldGen       total 191488K, used 25488K [0x00000006c0000000, 0x00000006cbb00000, 0x000000076ab00000)
  object space 191488K, 13% used [0x00000006c0000000,0x00000006c18e4198,0x00000006cbb00000)
 Metaspace       used 34759K, capacity 35124K, committed 35416K, reserved 1081344K
  class space    used 4457K, capacity 4559K, committed 4608K, reserved 1048576K
}
Event: 3.704 GC heap before
{Heap before GC invocations=9 (full 2):
 PSYoungGen      total 151040K, used 135168K [0x000000076ab00000, 0x0000000778580000, 0x00000007c0000000)
  eden space 135168K, 100% used [0x000000076ab00000,0x0000000772f00000,0x0000000772f00000)
  from space 15872K, 0% used [0x0000000774280000,0x0000000774280000,0x0000000775200000)
  to   space 19968K, 0% used [0x0000000772f00000,0x0000000772f00000,0x0000000774280000)
 ParOldGen       total 191488K, used 25488K [0x00000006c0000000, 0x00000006cbb00000, 0x000000076ab00000)
  object space 191488K, 13% used [0x00000006c0000000,0x00000006c18e4198,0x00000006cbb00000)
 Metaspace       used 37669K, capacity 38132K, committed 38528K, reserved 1083392K
  class space    used 4859K, capacity 4991K, committed 4992K, reserved 1048576K
Event: 3.709 GC heap after
Heap after GC invocations=9 (full 2):
 PSYoungGen      total 155136K, used 8847K [0x000000076ab00000, 0x0000000778080000, 0x00000007c0000000)
  eden space 135168K, 0% used [0x000000076ab00000,0x000000076ab00000,0x0000000772f00000)
  from space 19968K, 44% used [0x0000000772f00000,0x00000007737a3f30,0x0000000774280000)
  to   space 19456K, 0% used [0x0000000776d80000,0x0000000776d80000,0x0000000778080000)
 ParOldGen       total 191488K, used 25496K [0x00000006c0000000, 0x00000006cbb00000, 0x000000076ab00000)
  object space 191488K, 13% used [0x00000006c0000000,0x00000006c18e6198,0x00000006cbb00000)
 Metaspace       used 37669K, capacity 38132K, committed 38528K, reserved 1083392K
  class space    used 4859K, capacity 4991K, committed 4992K, reserved 1048576K
}
Event: 13.221 GC heap before
{Heap before GC invocations=10 (full 2):
 PSYoungGen      total 155136K, used 144015K [0x000000076ab00000, 0x0000000778080000, 0x00000007c0000000)
  eden space 135168K, 100% used [0x000000076ab00000,0x0000000772f00000,0x0000000772f00000)
  from space 19968K, 44% used [0x0000000772f00000,0x00000007737a3f30,0x0000000774280000)
  to   space 19456K, 0% used [0x0000000776d80000,0x0000000776d80000,0x0000000778080000)
 ParOldGen       total 191488K, used 25496K [0x00000006c0000000, 0x00000006cbb00000, 0x000000076ab00000)
  object space 191488K, 13% used [0x00000006c0000000,0x00000006c18e6198,0x00000006cbb00000)
 Metaspace       used 40897K, capacity 41450K, committed 41856K, reserved 1085440K
  class space    used 5266K, capacity 5408K, committed 5504K, reserved 1048576K
Event: 13.229 GC heap after
Heap after GC invocations=10 (full 2):
 PSYoungGen      total 182272K, used 10074K [0x000000076ab00000, 0x0000000777780000, 0x00000007c0000000)
  eden space 172032K, 0% used [0x000000076ab00000,0x000000076ab00000,0x0000000775300000)
  from space 10240K, 98% used [0x0000000776d80000,0x0000000777756bf8,0x0000000777780000)
  to   space 18432K, 0% used [0x0000000775380000,0x0000000775380000,0x0000000776580000)
 ParOldGen       total 191488K, used 25504K [0x00000006c0000000, 0x00000006cbb00000, 0x000000076ab00000)
  object space 191488K, 13% used [0x00000006c0000000,0x00000006c18e8198,0x00000006cbb00000)
 Metaspace       used 40897K, capacity 41450K, committed 41856K, reserved 1085440K
  class space    used 5266K, capacity 5408K, committed 5504K, reserved 1048576K
}

Deoptimization events (0 events):
No events

Internal exceptions (10 events):
Event: 13.161 Thread 0x00007fbc6b3a9000 Exception <a 'java/lang/ClassNotFoundException': org/springframework/web/servlet/ThemeResolverCustomizer> (0x00000007726ec498) thrown at [/HUDSON3/workspace/8-2-build-macosx-x86_64/jdk8u66/4988/hotspot/src/share/vm/classfile/systemDictionary.cpp, line 210
Event: 13.164 Thread 0x00007fbc6b3a9000 Exception <a 'java/lang/ClassNotFoundException': java/lang/ObjectCustomizer> (0x0000000772716fd8) thrown at [/HUDSON3/workspace/8-2-build-macosx-x86_64/jdk8u66/4988/hotspot/src/share/vm/classfile/systemDictionary.cpp, line 210]
Event: 13.165 Thread 0x00007fbc6b3a9000 Exception <a 'java/lang/ClassNotFoundException': org/springframework/web/servlet/view/DefaultRequestToViewNameTranslatorCustomizer> (0x0000000772733cb0) thrown at [/HUDSON3/workspace/8-2-build-macosx-x86_64/jdk8u66/4988/hotspot/src/share/vm/classfile/syst
Event: 13.165 Thread 0x00007fbc6b3a9000 Exception <a 'java/lang/ClassNotFoundException': org/springframework/web/servlet/RequestToViewNameTranslatorCustomizer> (0x000000077275c458) thrown at [/HUDSON3/workspace/8-2-build-macosx-x86_64/jdk8u66/4988/hotspot/src/share/vm/classfile/systemDictionary
Event: 13.167 Thread 0x00007fbc6b3a9000 Exception <a 'java/lang/ClassNotFoundException': java/lang/ObjectCustomizer> (0x0000000772794a88) thrown at [/HUDSON3/workspace/8-2-build-macosx-x86_64/jdk8u66/4988/hotspot/src/share/vm/classfile/systemDictionary.cpp, line 210]
Event: 13.168 Thread 0x00007fbc6b3a9000 Exception <a 'java/lang/ClassNotFoundException': org/springframework/web/servlet/support/AbstractFlashMapManagerCustomizer> (0x00000007727afc40) thrown at [/HUDSON3/workspace/8-2-build-macosx-x86_64/jdk8u66/4988/hotspot/src/share/vm/classfile/systemDictio
Event: 13.168 Thread 0x00007fbc6b3a9000 Exception <a 'java/lang/ClassNotFoundException': org/springframework/web/servlet/support/SessionFlashMapManagerCustomizer> (0x00000007727cec78) thrown at [/HUDSON3/workspace/8-2-build-macosx-x86_64/jdk8u66/4988/hotspot/src/share/vm/classfile/systemDiction
Event: 13.169 Thread 0x00007fbc6b3a9000 Exception <a 'java/lang/ClassNotFoundException': org/springframework/web/servlet/FlashMapManagerCustomizer> (0x00000007727e5cd8) thrown at [/HUDSON3/workspace/8-2-build-macosx-x86_64/jdk8u66/4988/hotspot/src/share/vm/classfile/systemDictionary.cpp, line 2
Event: 201.309 Thread 0x00007fbc6b807800 Exception <a 'java/io/FileNotFoundException'> (0x000000076b6a51a0) thrown at [/HUDSON3/workspace/8-2-build-macosx-x86_64/jdk8u66/4988/hotspot/src/share/vm/prims/jni.cpp, line 709]
Event: 201.309 Thread 0x00007fbc6b807800 Exception <a 'java/io/FileNotFoundException'> (0x000000076b6a60f8) thrown at [/HUDSON3/workspace/8-2-build-macosx-x86_64/jdk8u66/4988/hotspot/src/share/vm/prims/jni.cpp, line 709]

Events (10 events):
Event: 337.668 Thread 0x00007fbc6c02f800 flushing nmethod 0x000000010c917350
Event: 337.668 Thread 0x00007fbc6c02f800 flushing nmethod 0x000000010c928550
Event: 337.668 Thread 0x00007fbc6c02f800 flushing nmethod 0x000000010c92b910
Event: 337.669 Thread 0x00007fbc6c02f800 flushing nmethod 0x000000010c94ffd0
Event: 337.669 Thread 0x00007fbc6c02f800 flushing nmethod 0x000000010c979bd0
Event: 337.669 Thread 0x00007fbc6c02f800 flushing nmethod 0x000000010c98e0d0
Event: 337.669 Thread 0x00007fbc6c02f800 flushing nmethod 0x000000010ca1f850
Event: 362.269 Thread 0x00007fbc6c02f800 flushing nmethod 0x000000010cad2010
Event: 364.243 Executing VM operation: RedefineClasses
Event: 364.261 Executing VM operation: RedefineClasses done


Dynamic libraries:
0x000000000bd06000 	/System/Library/Frameworks/Cocoa.framework/Versions/A/Cocoa
0x000000000bd06000 	/System/Library/Frameworks/Security.framework/Versions/A/Security
0x000000000bd06000 	/System/Library/Frameworks/ApplicationServices.framework/Versions/A/ApplicationServices
0x000000000bd06000 	/usr/lib/libz.1.dylib
0x000000000bd06000 	/usr/lib/libSystem.B.dylib
0x000000000bd06000 	/usr/lib/libobjc.A.dylib
0x000000000bd06000 	/System/Library/Frameworks/CoreFoundation.framework/Versions/A/CoreFoundation
0x000000000bd06000 	/System/Library/Frameworks/Foundation.framework/Versions/C/Foundation
0x000000000bd06000 	/System/Library/Frameworks/AppKit.framework/Versions/C/AppKit
0x000000000bd06000 	/System/Library/Frameworks/CoreData.framework/Versions/A/CoreData
0x000000000bd06000 	/System/Library/PrivateFrameworks/RemoteViewServices.framework/Versions/A/RemoteViewServices
0x000000000bd06000 	/System/Library/PrivateFrameworks/UIFoundation.framework/Versions/A/UIFoundation
0x000000000bd06000 	/System/Library/Frameworks/IOSurface.framework/Versions/A/IOSurface
0x000000000bd06000 	/System/Library/Frameworks/AudioToolbox.framework/Versions/A/AudioToolbox
0x000000000bd06000 	/System/Library/Frameworks/AudioUnit.framework/Versions/A/AudioUnit
0x000000000bd06000 	/System/Library/PrivateFrameworks/DataDetectorsCore.framework/Versions/A/DataDetectorsCore
0x000000000bd06000 	/System/Library/PrivateFrameworks/DesktopServicesPriv.framework/Versions/A/DesktopServicesPriv
0x000000000bd06000 	/System/Library/Frameworks/Carbon.framework/Versions/A/Frameworks/HIToolbox.framework/Versions/A/HIToolbox
0x000000000bd06000 	/System/Library/Frameworks/QuartzCore.framework/Versions/A/QuartzCore
0x000000000bd06000 	/System/Library/Frameworks/Carbon.framework/Versions/A/Frameworks/SpeechRecognition.framework/Versions/A/SpeechRecognition
0x000000000bd06000 	/usr/lib/libauto.dylib
0x000000000bd06000 	/usr/lib/libicucore.A.dylib
0x000000000bd06000 	/usr/lib/libxml2.2.dylib
0x000000000bd06000 	/System/Library/PrivateFrameworks/CoreUI.framework/Versions/A/CoreUI
0x000000000bd06000 	/System/Library/Frameworks/CoreAudio.framework/Versions/A/CoreAudio
0x000000000bd06000 	/System/Library/Frameworks/DiskArbitration.framework/Versions/A/DiskArbitration
0x000000000bd06000 	/usr/lib/liblangid.dylib
0x000000000bd06000 	/System/Library/PrivateFrameworks/MultitouchSupport.framework/Versions/A/MultitouchSupport
0x000000000bd06000 	/System/Library/Frameworks/IOKit.framework/Versions/A/IOKit
0x000000000bd06000 	/usr/lib/libDiagnosticMessagesClient.dylib
0x000000000bd06000 	/System/Library/Frameworks/CoreServices.framework/Versions/A/CoreServices
0x000000000bd06000 	/System/Library/PrivateFrameworks/PerformanceAnalysis.framework/Versions/A/PerformanceAnalysis
0x000000000bd06000 	/System/Library/PrivateFrameworks/GenerationalStorage.framework/Versions/A/GenerationalStorage
0x000000000bd06000 	/System/Library/Frameworks/OpenGL.framework/Versions/A/OpenGL
0x000000000bd06000 	/System/Library/PrivateFrameworks/Sharing.framework/Versions/A/Sharing
0x000000000bd06000 	/System/Library/Frameworks/CoreGraphics.framework/Versions/A/CoreGraphics
0x000000000bd06000 	/System/Library/Frameworks/CoreText.framework/Versions/A/CoreText
0x000000000bd06000 	/System/Library/Frameworks/ImageIO.framework/Versions/A/ImageIO
0x000000000bd06000 	/usr/lib/libextension.dylib
0x000000000bd06000 	/System/Library/PrivateFrameworks/Backup.framework/Versions/A/Backup
0x000000000bd06000 	/usr/lib/libarchive.2.dylib
0x000000000bd06000 	/System/Library/Frameworks/CFNetwork.framework/Versions/A/CFNetwork
0x000000000bd06000 	/System/Library/Frameworks/SystemConfiguration.framework/Versions/A/SystemConfiguration
0x000000000bd06000 	/usr/lib/libCRFSuite.dylib
0x000000000bd06000 	/usr/lib/libc++.1.dylib
0x000000000bd06000 	/usr/lib/libc++abi.dylib
0x000000000bd06000 	/usr/lib/system/libcache.dylib
0x000000000bd06000 	/usr/lib/system/libcommonCrypto.dylib
0x000000000bd06000 	/usr/lib/system/libcompiler_rt.dylib
0x000000000bd06000 	/usr/lib/system/libcopyfile.dylib
0x000000000bd06000 	/usr/lib/system/libcorecrypto.dylib
0x000000000bd06000 	/usr/lib/system/libdispatch.dylib
0x000000000bd06000 	/usr/lib/system/libdyld.dylib
0x000000000bd06000 	/usr/lib/system/libkeymgr.dylib
0x000000000bd06000 	/usr/lib/system/liblaunch.dylib
0x000000000bd06000 	/usr/lib/system/libmacho.dylib
0x000000000bd06000 	/usr/lib/system/libquarantine.dylib
0x000000000bd06000 	/usr/lib/system/libremovefile.dylib
0x000000000bd06000 	/usr/lib/system/libsystem_asl.dylib
0x000000000bd06000 	/usr/lib/system/libsystem_blocks.dylib
0x000000000bd06000 	/usr/lib/system/libsystem_c.dylib
0x000000000bd06000 	/usr/lib/system/libsystem_configuration.dylib
0x000000000bd06000 	/usr/lib/system/libsystem_coreservices.dylib
0x000000000bd06000 	/usr/lib/system/libsystem_coretls.dylib
0x000000000bd06000 	/usr/lib/system/libsystem_dnssd.dylib
0x000000000bd06000 	/usr/lib/system/libsystem_info.dylib
0x000000000bd06000 	/usr/lib/system/libsystem_kernel.dylib
0x000000000bd06000 	/usr/lib/system/libsystem_m.dylib
0x000000000bd06000 	/usr/lib/system/libsystem_malloc.dylib
0x000000000bd06000 	/usr/lib/system/libsystem_network.dylib
0x000000000bd06000 	/usr/lib/system/libsystem_networkextension.dylib
0x000000000bd06000 	/usr/lib/system/libsystem_notify.dylib
0x000000000bd06000 	/usr/lib/system/libsystem_platform.dylib
0x000000000bd06000 	/usr/lib/system/libsystem_pthread.dylib
0x000000000bd06000 	/usr/lib/system/libsystem_sandbox.dylib
0x000000000bd06000 	/usr/lib/system/libsystem_secinit.dylib
0x000000000bd06000 	/usr/lib/system/libsystem_stats.dylib
0x000000000bd06000 	/usr/lib/system/libsystem_trace.dylib
0x000000000bd06000 	/usr/lib/system/libunc.dylib
0x000000000bd06000 	/usr/lib/system/libunwind.dylib
0x000000000bd06000 	/usr/lib/system/libxpc.dylib
0x000000000bd06000 	/usr/lib/libbz2.1.0.dylib
0x000000000bd06000 	/usr/lib/liblzma.5.dylib
0x000000000bd06000 	/usr/lib/libbsm.0.dylib
0x000000000bd06000 	/usr/lib/libsqlite3.dylib
0x000000000bd06000 	/usr/lib/system/libkxld.dylib
0x000000000bd06000 	/usr/lib/libxar.1.dylib
0x000000000bd06000 	/usr/lib/libpam.2.dylib
0x000000000bd06000 	/usr/lib/libOpenScriptingUtil.dylib
0x000000000bd06000 	/System/Library/Frameworks/CoreServices.framework/Versions/A/Frameworks/FSEvents.framework/Versions/A/FSEvents
0x000000000bd06000 	/System/Library/Frameworks/CoreServices.framework/Versions/A/Frameworks/CarbonCore.framework/Versions/A/CarbonCore
0x000000000bd06000 	/System/Library/Frameworks/CoreServices.framework/Versions/A/Frameworks/Metadata.framework/Versions/A/Metadata
0x000000000bd06000 	/System/Library/Frameworks/CoreServices.framework/Versions/A/Frameworks/OSServices.framework/Versions/A/OSServices
0x000000000bd06000 	/System/Library/Frameworks/CoreServices.framework/Versions/A/Frameworks/SearchKit.framework/Versions/A/SearchKit
0x000000000bd06000 	/System/Library/Frameworks/CoreServices.framework/Versions/A/Frameworks/AE.framework/Versions/A/AE
0x000000000bd06000 	/System/Library/Frameworks/CoreServices.framework/Versions/A/Frameworks/LaunchServices.framework/Versions/A/LaunchServices
0x000000000bd06000 	/System/Library/Frameworks/CoreServices.framework/Versions/A/Frameworks/DictionaryServices.framework/Versions/A/DictionaryServices
0x000000000bd06000 	/System/Library/Frameworks/NetFS.framework/Versions/A/NetFS
0x000000000bd06000 	/System/Library/PrivateFrameworks/NetAuth.framework/Versions/A/NetAuth
0x000000000bd06000 	/System/Library/PrivateFrameworks/login.framework/Versions/A/Frameworks/loginsupport.framework/Versions/A/loginsupport
0x000000000bd06000 	/System/Library/PrivateFrameworks/TCC.framework/Versions/A/TCC
0x000000000bd06000 	/usr/lib/libmecabra.dylib
0x000000000bd06000 	/System/Library/Frameworks/ApplicationServices.framework/Versions/A/Frameworks/ATS.framework/Versions/A/ATS
0x000000000bd06000 	/System/Library/Frameworks/ApplicationServices.framework/Versions/A/Frameworks/ColorSync.framework/Versions/A/ColorSync
0x000000000bd06000 	/System/Library/Frameworks/ApplicationServices.framework/Versions/A/Frameworks/HIServices.framework/Versions/A/HIServices
0x000000000bd06000 	/System/Library/Frameworks/ApplicationServices.framework/Versions/A/Frameworks/LangAnalysis.framework/Versions/A/LangAnalysis
0x000000000bd06000 	/System/Library/Frameworks/ApplicationServices.framework/Versions/A/Frameworks/PrintCore.framework/Versions/A/PrintCore
0x000000000bd06000 	/System/Library/Frameworks/ApplicationServices.framework/Versions/A/Frameworks/QD.framework/Versions/A/QD
0x000000000bd06000 	/System/Library/Frameworks/ApplicationServices.framework/Versions/A/Frameworks/SpeechSynthesis.framework/Versions/A/SpeechSynthesis
0x000000000bd06000 	/System/Library/Frameworks/Accelerate.framework/Versions/A/Accelerate
0x000000000bd06000 	/System/Library/Frameworks/Accelerate.framework/Versions/A/Frameworks/vImage.framework/Versions/A/vImage
0x000000000bd06000 	/System/Library/Frameworks/Accelerate.framework/Versions/A/Frameworks/vecLib.framework/Versions/A/vecLib
0x000000000bd06000 	/System/Library/Frameworks/Accelerate.framework/Versions/A/Frameworks/vecLib.framework/Versions/A/libvDSP.dylib
0x000000000bd06000 	/System/Library/Frameworks/Accelerate.framework/Versions/A/Frameworks/vecLib.framework/Versions/A/libvMisc.dylib
0x000000000bd06000 	/System/Library/Frameworks/Accelerate.framework/Versions/A/Frameworks/vecLib.framework/Versions/A/libLAPACK.dylib
0x000000000bd06000 	/System/Library/Frameworks/Accelerate.framework/Versions/A/Frameworks/vecLib.framework/Versions/A/libBLAS.dylib
0x000000000bd06000 	/System/Library/Frameworks/Accelerate.framework/Versions/A/Frameworks/vecLib.framework/Versions/A/libLinearAlgebra.dylib
0x000000000bd06000 	/System/Library/Frameworks/ApplicationServices.framework/Versions/A/Frameworks/ATS.framework/Versions/A/Resources/libFontParser.dylib
0x000000000bd06000 	/System/Library/Frameworks/ApplicationServices.framework/Versions/A/Frameworks/ATS.framework/Versions/A/Resources/libFontRegistry.dylib
0x000000000bd06000 	/System/Library/PrivateFrameworks/AppleVPA.framework/Versions/A/AppleVPA
0x000000000bd06000 	/System/Library/PrivateFrameworks/AppleJPEG.framework/Versions/A/AppleJPEG
0x000000000bd06000 	/System/Library/Frameworks/ImageIO.framework/Versions/A/Resources/libJPEG.dylib
0x000000000bd06000 	/System/Library/Frameworks/ImageIO.framework/Versions/A/Resources/libTIFF.dylib
0x000000000bd06000 	/System/Library/Frameworks/ImageIO.framework/Versions/A/Resources/libPng.dylib
0x000000000bd06000 	/System/Library/Frameworks/ImageIO.framework/Versions/A/Resources/libGIF.dylib
0x000000000bd06000 	/System/Library/Frameworks/ImageIO.framework/Versions/A/Resources/libJP2.dylib
0x000000000bd06000 	/System/Library/Frameworks/ImageIO.framework/Versions/A/Resources/libRadiance.dylib
0x000000000bd06000 	/System/Library/Frameworks/CoreVideo.framework/Versions/A/CoreVideo
0x000000000bd06000 	/System/Library/Frameworks/OpenGL.framework/Versions/A/Libraries/libGLU.dylib
0x000000000bd06000 	/System/Library/Frameworks/OpenGL.framework/Versions/A/Libraries/libGFXShared.dylib
0x000000000bd06000 	/System/Library/Frameworks/OpenGL.framework/Versions/A/Libraries/libGL.dylib
0x000000000bd06000 	/System/Library/Frameworks/OpenGL.framework/Versions/A/Libraries/libGLImage.dylib
0x000000000bd06000 	/System/Library/Frameworks/OpenGL.framework/Versions/A/Libraries/libCVMSPluginSupport.dylib
0x000000000bd06000 	/System/Library/Frameworks/OpenGL.framework/Versions/A/Libraries/libCoreVMClient.dylib
0x000000000bd06000 	/usr/lib/libcups.2.dylib
0x000000000bd06000 	/System/Library/Frameworks/Kerberos.framework/Versions/A/Kerberos
0x000000000bd06000 	/System/Library/Frameworks/GSS.framework/Versions/A/GSS
0x000000000bd06000 	/usr/lib/libresolv.9.dylib
0x000000000bd06000 	/usr/lib/libiconv.2.dylib
0x000000000bd06000 	/System/Library/PrivateFrameworks/Heimdal.framework/Versions/A/Heimdal
0x000000000bd06000 	/usr/lib/libheimdal-asn1.dylib
0x000000000bd06000 	/System/Library/Frameworks/OpenDirectory.framework/Versions/A/OpenDirectory
0x000000000bd06000 	/System/Library/PrivateFrameworks/CommonAuth.framework/Versions/A/CommonAuth
0x000000000bd06000 	/System/Library/Frameworks/OpenDirectory.framework/Versions/A/Frameworks/CFOpenDirectory.framework/Versions/A/CFOpenDirectory
0x000000000bd06000 	/System/Library/Frameworks/SecurityFoundation.framework/Versions/A/SecurityFoundation
0x000000000bd06000 	/System/Library/PrivateFrameworks/LanguageModeling.framework/Versions/A/LanguageModeling
0x000000000bd06000 	/usr/lib/libcmph.dylib
0x000000000bd06000 	/System/Library/Frameworks/ServiceManagement.framework/Versions/A/ServiceManagement
0x000000000bd06000 	/usr/lib/libxslt.1.dylib
0x000000000bd06000 	/System/Library/Frameworks/Carbon.framework/Versions/A/Frameworks/Ink.framework/Versions/A/Ink
0x000000000bd06000 	/System/Library/Frameworks/QuartzCore.framework/Versions/A/Frameworks/CoreImage.framework/Versions/A/CoreImage
0x000000000bd06000 	/System/Library/PrivateFrameworks/CrashReporterSupport.framework/Versions/A/CrashReporterSupport
0x000000000bd06000 	/System/Library/Frameworks/OpenCL.framework/Versions/A/OpenCL
0x000000000bd06000 	/System/Library/PrivateFrameworks/FaceCore.framework/Versions/A/FaceCore
0x000000000bd06000 	/System/Library/PrivateFrameworks/Ubiquity.framework/Versions/A/Ubiquity
0x000000000bd06000 	/System/Library/PrivateFrameworks/IconServices.framework/Versions/A/IconServices
0x000000000bd06000 	/System/Library/PrivateFrameworks/ChunkingLibrary.framework/Versions/A/ChunkingLibrary
0x000000000bd06000 	/System/Library/PrivateFrameworks/Apple80211.framework/Versions/A/Apple80211
0x000000000bd06000 	/System/Library/Frameworks/CoreWLAN.framework/Versions/A/CoreWLAN
0x000000000bd06000 	/System/Library/Frameworks/IOBluetooth.framework/Versions/A/IOBluetooth
0x000000000bd06000 	/System/Library/PrivateFrameworks/CoreWiFi.framework/Versions/A/CoreWiFi
0x000000000bd06000 	/System/Library/Frameworks/CoreBluetooth.framework/Versions/A/CoreBluetooth
0x000000000bd06000 	/System/Library/PrivateFrameworks/DebugSymbols.framework/Versions/A/DebugSymbols
0x000000000bd06000 	/System/Library/PrivateFrameworks/CoreSymbolication.framework/Versions/A/CoreSymbolication
0x000000000bd06000 	/System/Library/PrivateFrameworks/Symbolication.framework/Versions/A/Symbolication
0x000000000bd06000 	/System/Library/PrivateFrameworks/SpeechRecognitionCore.framework/Versions/A/SpeechRecognitionCore
0x000000010b600000 	/Library/Java/JavaVirtualMachines/jdk1.8.0_66.jdk/Contents/Home/jre/lib/server/libjvm.dylib
0x000000000bd06000 	/usr/lib/libstdc++.6.dylib
0x000000010c689000 	/Library/Java/JavaVirtualMachines/jdk1.8.0_66.jdk/Contents/Home/jre/lib/libverify.dylib
0x000000010c697000 	/Library/Java/JavaVirtualMachines/jdk1.8.0_66.jdk/Contents/Home/jre/lib/libjava.dylib
0x000000010c6cc000 	/Library/Java/JavaVirtualMachines/jdk1.8.0_66.jdk/Contents/Home/jre/lib/libjdwp.dylib
0x000000010c717000 	/Library/Java/JavaVirtualMachines/jdk1.8.0_66.jdk/Contents/Home/jre/lib/libnpt.dylib
0x000000010c723000 	/Library/Java/JavaVirtualMachines/jdk1.8.0_66.jdk/Contents/Home/jre/lib/libzip.dylib
0x0000000128302000 	/System/Library/Frameworks/JavaVM.framework/Frameworks/JavaRuntimeSupport.framework/JavaRuntimeSupport
0x0000000128318000 	/System/Library/Frameworks/JavaVM.framework/Versions/A/Frameworks/JavaNativeFoundation.framework/Versions/A/JavaNativeFoundation
0x000000012832c000 	/System/Library/Frameworks/JavaVM.framework/Versions/A/JavaVM
0x000000000bd06000 	/System/Library/Frameworks/Carbon.framework/Versions/A/Carbon
0x0000000128338000 	/System/Library/PrivateFrameworks/JavaLaunching.framework/Versions/A/JavaLaunching
0x000000000bd06000 	/System/Library/Frameworks/Carbon.framework/Versions/A/Frameworks/CommonPanels.framework/Versions/A/CommonPanels
0x000000000bd06000 	/System/Library/Frameworks/Carbon.framework/Versions/A/Frameworks/Help.framework/Versions/A/Help
0x000000000bd06000 	/System/Library/Frameworks/Carbon.framework/Versions/A/Frameworks/ImageCapture.framework/Versions/A/ImageCapture
0x000000000bd06000 	/System/Library/Frameworks/Carbon.framework/Versions/A/Frameworks/OpenScripting.framework/Versions/A/OpenScripting
0x000000000bd06000 	/System/Library/Frameworks/Carbon.framework/Versions/A/Frameworks/Print.framework/Versions/A/Print
0x000000000bd06000 	/System/Library/Frameworks/Carbon.framework/Versions/A/Frameworks/SecurityHI.framework/Versions/A/SecurityHI
0x0000000129d22000 	/Library/Java/JavaVirtualMachines/jdk1.8.0_66.jdk/Contents/Home/jre/lib/libdt_socket.dylib
0x000000012a541000 	/Library/Java/JavaVirtualMachines/jdk1.8.0_66.jdk/Contents/Home/jre/lib/libmanagement.dylib
0x000000012a54f000 	/Library/Java/JavaVirtualMachines/jdk1.8.0_66.jdk/Contents/Home/jre/lib/libnet.dylib
0x000000012a9e6000 	/Library/Java/JavaVirtualMachines/jdk1.8.0_66.jdk/Contents/Home/jre/lib/libnio.dylib

VM Arguments:
jvm_args: -agentlib:jdwp=transport=dt_socket,suspend=y,address=localhost:50791 -Dcom.sun.management.jmxremote -Dcom.sun.management.jmxremote.port=50790 -Dcom.sun.management.jmxremote.authenticate=false -Dcom.sun.management.jmxremote.ssl=false -Djava.rmi.server.hostname=localhost -Dspring.liveBeansView.mbeanDomain -Dspring.application.admin.enabled=true -Djava.security.egd=file:/dev/./urandom -Xverify:none -XX:TieredStopAtLevel=1 -Dfile.encoding=UTF-8 
java_command: com.tess.j8basic.J8BasicApplication --spring.output.ansi.enabled=always
java_class_path (initial): /Library/Java/JavaVirtualMachines/jdk1.8.0_66.jdk/Contents/Home/jre/lib/resources.jar:/Library/Java/JavaVirtualMachines/jdk1.8.0_66.jdk/Contents/Home/jre/lib/rt.jar:/Library/Java/JavaVirtualMachines/jdk1.8.0_66.jdk/Contents/Home/jre/lib/jsse.jar:/Library/Java/JavaVirtualMachines/jdk1.8.0_66.jdk/Contents/Home/jre/lib/jce.jar:/Library/Java/JavaVirtualMachines/jdk1.8.0_66.jdk/Contents/Home/jre/lib/charsets.jar:/Library/Java/JavaVirtualMachines/jdk1.8.0_66.jdk/Contents/Home/jre/lib/jfr.jar:/Library/Java/JavaVirtualMachines/jdk1.8.0_66.jdk/Contents/Home/jre/lib/ext/cldrdata.jar:/Library/Java/JavaVirtualMachines/jdk1.8.0_66.jdk/Contents/Home/jre/lib/ext/dnsns.jar:/Library/Java/JavaVirtualMachines/jdk1.8.0_66.jdk/Contents/Home/jre/lib/ext/jaccess.jar:/Library/Java/JavaVirtualMachines/jdk1.8.0_66.jdk/Contents/Home/jre/lib/ext/jfxrt.jar:/Library/Java/JavaVirtualMachines/jdk1.8.0_66.jdk/Contents/Home/jre/lib/ext/localedata.jar:/Library/Java/JavaVirtualMachines/jdk1.8.0_66.jdk/Contents/Home/jre/lib/ext/nashorn.jar:/Library/Java/JavaVirtualMachines/jdk1.8.0_66.jdk/Contents/Home/jre/lib/ext/sunec.jar:/Library/Java/JavaVirtualMachines/jdk1.8.0_66.jdk/Contents/Home/jre/lib/ext/sunjce_provider.jar:/Library/Java/JavaVirtualMachines/jdk1.8.0_66.jdk/Contents/Home/jre/lib/ext/sunpkcs11.jar:/Library/Java/JavaVirtualMachines/jdk1.8.0_66.jdk/Contents/Home/jre/lib/ext/zipfs.jar:/System/Library/Java/Extensions/MRJToolkit.jar:/Users/ywu/config-repo/j8/j8-basic/target/classes:/Users/ywu/.m2/repository/org/springframework/boot/spring-boot-starter-actuator/1.5.8.RELEASE/spring-boot-starter-actuator-1.5.8.RELEASE.jar:/Users/ywu/.m2/repository/org/springframework/boot/spring-boot-starter/1.5.8.RELEASE/spring-boot-starter-1.5.8.RELEASE.jar:/Users/ywu/.m2/repository/org/springframework/boot/spring-boot/1.5.8.RELEASE/spring-boot-1.5.8.RELEASE.jar:/Users/ywu/.m2/repository/org/springframework/boot/spring-boot-autoconfigure/1.5.8.RELEASE/spring-boot-autoconfigure-1.5.8.REL
Launcher Type: SUN_STANDARD

Environment Variables:
PATH=/usr/bin:/bin:/usr/sbin:/sbin
SHELL=/bin/bash

Signal Handlers:
SIGSEGV: [libjvm.dylib+0x5a65d5], sa_mask[0]=11111111011111110111111111111111, sa_flags=SA_ONSTACK|SA_RESTART|SA_SIGINFO
SIGBUS: [libjvm.dylib+0x5a65d5], sa_mask[0]=11111111011111110111111111111111, sa_flags=SA_RESTART|SA_SIGINFO
SIGFPE: [libjvm.dylib+0x4802e8], sa_mask[0]=11111111011111110111111111111111, sa_flags=SA_RESTART|SA_SIGINFO
SIGPIPE: [libjvm.dylib+0x4802e8], sa_mask[0]=11111111011111110111111111111111, sa_flags=SA_RESTART|SA_SIGINFO
SIGXFSZ: [libjvm.dylib+0x4802e8], sa_mask[0]=11111111011111110111111111111111, sa_flags=SA_RESTART|SA_SIGINFO
SIGILL: [libjvm.dylib+0x4802e8], sa_mask[0]=11111111011111110111111111111111, sa_flags=SA_RESTART|SA_SIGINFO
SIGUSR1: SIG_DFL, sa_mask[0]=00000000000000000000000000000000, sa_flags=none
SIGUSR2: [libjvm.dylib+0x47fe06], sa_mask[0]=00100000000000000000000000000000, sa_flags=SA_RESTART|SA_SIGINFO
SIGHUP: [libjvm.dylib+0x47e3dd], sa_mask[0]=11111111011111110111111111111111, sa_flags=SA_RESTART|SA_SIGINFO
SIGINT: [libjvm.dylib+0x47e3dd], sa_mask[0]=11111111011111110111111111111111, sa_flags=SA_RESTART|SA_SIGINFO
SIGTERM: [libjvm.dylib+0x47e3dd], sa_mask[0]=11111111011111110111111111111111, sa_flags=SA_RESTART|SA_SIGINFO
SIGQUIT: [libjvm.dylib+0x47e3dd], sa_mask[0]=11111111011111110111111111111111, sa_flags=SA_RESTART|SA_SIGINFO


---------------  S Y S T E M  ---------------

OS:Bsduname:Darwin 14.5.0 Darwin Kernel Version 14.5.0: Sun Sep 25 22:07:15 PDT 2016; root:xnu-2782.50.9~1/RELEASE_X86_64 x86_64
rlimit: STACK 8192k, CORE 0k, NPROC 709, NOFILE 10240, AS infinity
load average:1.52 1.73 1.85

CPU:total 8 (4 cores per cpu, 2 threads per core) family 6 model 70 stepping 1, cmov, cx8, fxsr, mmx, sse, sse2, sse3, ssse3, sse4.1, sse4.2, popcnt, avx, avx2, aes, clmul, erms, rtm, lzcnt, ht, tsc, tscinvbit, bmi1, bmi2

Memory: 4k page, physical 16777216k(2880692k free)

/proc/meminfo:


vm_info: Java HotSpot(TM) 64-Bit Server VM (25.66-b17) for bsd-amd64 JRE (1.8.0_66-b17), built on Oct  6 2015 16:09:13 by "java_re" with gcc 4.2.1 (Based on Apple Inc. build 5658) (LLVM build 2336.11.00)

time: Sun Nov 12 21:19:19 2017
elapsed time: 364 seconds (0d 0h 6m 4s)

