#
# A fatal error has been detected by the Java Runtime Environment:
#
#  SIGSEGV (0xb) at pc=0x000000010fe611b0, pid=1229, tid=18691
#
# JRE version: Java(TM) SE Runtime Environment (8.0_66-b17) (build 1.8.0_66-b17)
# Java VM: Java HotSpot(TM) 64-Bit Server VM (25.66-b17 mixed mode bsd-amd64 compressed oops)
# Problematic frame:
# V  [libjvm.dylib+0x4461b0]
#
# Failed to write core dump. Core dumps have been disabled. To enable core dumping, try "ulimit -c unlimited" before starting Java again
#
# If you would like to submit a bug report, please visit:
#   http://bugreport.java.com/bugreport/crash.jsp
#

---------------  T H R E A D  ---------------

Current thread (0x00007fd7e9826800):  JavaThread "JDWP Transport Listener: dt_socket" daemon [_thread_in_vm, id=18691, stack(0x000000012f15f000,0x000000012f25f000)]

siginfo: si_signo: 11 (SIGSEGV), si_code: 0 (unknown), si_addr: 0x0000000000000000

Registers:
RAX=0x0000000000000001, RBX=0x000000012f25ea8b, RCX=0x000000011022f310, RDX=0x000000012f25ea8b
RSP=0x000000012f25e9d0, RBP=0x000000012f25e9e0, RSI=0x00007fd7e9826800, RDI=0x3b79726f7469736f
R8 =0x0000000000000000, R9 =0x00007fd7ed200000, R10=0x0000000000000010, R11=0x00007fd7ed200000
R12=0x00007fd7e9826800, R13=0x3b79726f7469736f, R14=0x3b79726f7469736f, R15=0x00007fd7e8702050
RIP=0x000000010fe611b0, EFLAGS=0x0000000000010206, ERR=0x0000000000000000
  TRAPNO=0x000000000000000d

Top of Stack: (sp=0x000000012f25e9d0)
0x000000012f25e9d0:   000000012f25ea8b 000000012f25ea8b
0x000000012f25e9e0:   000000012f25ea40 000000010fd702be
0x000000012f25e9f0:   00007fd7e9826800 0000000000000000
0x000000012f25ea00:   0000000000000000 0000000000000000
0x000000012f25ea10:   00007fd7e9826800 00007fd7e9826800
0x000000012f25ea20:   000000012f25ea8b 000000012f25ea90
0x000000012f25ea30:   3b79726f7469736f 000000000000001d
0x000000012f25ea40:   000000012f25ea60 0000000111b23780
0x000000012f25ea50:   0000000000000001 000000012f25eb08
0x000000012f25ea60:   000000012f25ead0 0000000111b081f3
0x000000012f25ea70:   000000012f25eaa0 00007fd7ed227f30
0x000000012f25ea80:   0000001e00000032 000000010025eb08
0x000000012f25ea90:   0000000000000000 0000000000000000
0x000000012f25eaa0:   0000000000000000 000000012f25ec90
0x000000012f25eab0:   0000000111b2ae7a 00007fd7ea1ca220
0x000000012f25eac0:   000000012f25eb08 0000000111b36598
0x000000012f25ead0:   000000012f25eae0 0000000111b082ec
0x000000012f25eae0:   000000012f25ed00 0000000111b11898
0x000000012f25eaf0:   000006a400000013 00000000000f0200
0x000000012f25eb00:   00007fd7ed226b60 00007fd7eb16a439
0x000000012f25eb10:   00007fd700000927 00007fd7ed228020
0x000000012f25eb20:   00007fd70000012c 000000012f25eb58
0x000000012f25eb30:   00007fd7ea1631b0 00007f0000000000
0x000000012f25eb40:   000006a40000001c 00007fff0000d780
0x000000012f25eb50:   000000012f25eb58 d77f00001e000000
0x000000012f25eb60:   0a00000048ff69ea 6c6c617261507369
0x000000012f25eb70:   2928030000006c65 000000000000005a
0x000000012f25eb80:   3506edd77f000001 6d616c0800000088
0x000000012f25eb90:   0000003024616462 6176616a4c292815
0x000000012f25eba0:   6e492f676e616c2f 00003b7265676574
0x000000012f25ebb0:   00000a1000f00000 000060036aead77f
0x000000012f25ebc0:   6d754e7465670d00 007364726f57664f 

Instructions: (pc=0x000000010fe611b0)
0x000000010fe61190:   40 48 48 85 c0 75 e0 30 c0 0f b6 c0 5d c3 31 c0
0x000000010fe611a0:   5d c3 55 48 89 e5 53 48 83 ec 08 48 85 ff 74 24
0x000000010fe611b0:   48 8b 1f 48 85 db 74 1c 48 83 fb 37 74 16 48 8b
0x000000010fe611c0:   03 48 89 df ff 50 10 84 c0 b8 00 00 00 00 48 0f 

Register to memory mapping:

RAX=0x0000000000000001 is an unknown value
RBX=0x000000012f25ea8b is pointing into the stack for thread: 0x00007fd7e9826800
RCX=0x000000011022f310: UseMembar+0 in /Library/Java/JavaVirtualMachines/jdk1.8.0_66.jdk/Contents/Home/jre/lib/server/libjvm.dylib at 0x000000010fa1b000
RDX=0x000000012f25ea8b is pointing into the stack for thread: 0x00007fd7e9826800
RSP=0x000000012f25e9d0 is pointing into the stack for thread: 0x00007fd7e9826800
RBP=0x000000012f25e9e0 is pointing into the stack for thread: 0x00007fd7e9826800
RSI=0x00007fd7e9826800 is a thread
RDI=0x3b79726f7469736f is an unknown value
R8 =0x0000000000000000 is an unknown value
R9 =0x00007fd7ed200000 is an unknown value
R10=0x0000000000000010 is an unknown value
R11=0x00007fd7ed200000 is an unknown value
R12=0x00007fd7e9826800 is a thread
R13=0x3b79726f7469736f is an unknown value
R14=0x3b79726f7469736f is an unknown value
R15=0x00007fd7e8702050 is an unknown value


Stack: [0x000000012f15f000,0x000000012f25f000],  sp=0x000000012f25e9d0,  free space=1022k
Native frames: (J=compiled Java code, j=interpreted, Vv=VM code, C=native code)
V  [libjvm.dylib+0x4461b0]
V  [libjvm.dylib+0x3552be]
C  [libjdwp.dylib+0x20780]  isMethodSynthetic+0x63
C  [libjdwp.dylib+0x51f3]  methods1+0x10b
C  [libjdwp.dylib+0x52ec]  methodsWithGeneric+0xe
C  [libjdwp.dylib+0xe898]  debugLoop_run+0x1ce
C  [libjdwp.dylib+0x1f6ba]  attachThread+0x4d
V  [libjvm.dylib+0x39661c]
V  [libjvm.dylib+0x560b83]
V  [libjvm.dylib+0x56227e]
V  [libjvm.dylib+0x482cd6]
C  [libsystem_pthread.dylib+0x405a]  _pthread_body+0x83
C  [libsystem_pthread.dylib+0x3fd7]  _pthread_body+0x0
C  [libsystem_pthread.dylib+0x13ed]  thread_start+0xd
C  0x0000000000000000


---------------  P R O C E S S  ---------------

Java Threads: ( => current thread )
  0x00007fd7ec04d000 JavaThread "DestroyJavaVM" [_thread_blocked, id=4867, stack(0x0000000111a01000,0x0000000111b01000)]
  0x00007fd7eaa77800 JavaThread "http-nio-8080-AsyncTimeout" daemon [_thread_blocked, id=35587, stack(0x0000000133373000,0x0000000133473000)]
  0x00007fd7e9c73800 JavaThread "http-nio-8080-Acceptor-0" daemon [_thread_in_native, id=35075, stack(0x0000000133270000,0x0000000133370000)]
  0x00007fd7eaa77000 JavaThread "http-nio-8080-ClientPoller-1" daemon [_thread_in_native, id=34563, stack(0x000000013316d000,0x000000013326d000)]
  0x00007fd7eaa74000 JavaThread "http-nio-8080-ClientPoller-0" daemon [_thread_in_native, id=34051, stack(0x000000013306a000,0x000000013316a000)]
  0x00007fd7ec848800 JavaThread "http-nio-8080-exec-10" daemon [_thread_blocked, id=33539, stack(0x0000000132f67000,0x0000000133067000)]
  0x00007fd7eb85d800 JavaThread "http-nio-8080-exec-9" daemon [_thread_blocked, id=33027, stack(0x0000000132e64000,0x0000000132f64000)]
  0x00007fd7e90bc000 JavaThread "http-nio-8080-exec-8" daemon [_thread_blocked, id=32515, stack(0x0000000132d61000,0x0000000132e61000)]
  0x00007fd7ea8f3800 JavaThread "http-nio-8080-exec-7" daemon [_thread_blocked, id=32003, stack(0x0000000132c5e000,0x0000000132d5e000)]
  0x00007fd7eb85c800 JavaThread "http-nio-8080-exec-6" daemon [_thread_blocked, id=31491, stack(0x0000000132b5b000,0x0000000132c5b000)]
  0x00007fd7e9c72800 JavaThread "http-nio-8080-exec-5" daemon [_thread_blocked, id=30979, stack(0x0000000132a58000,0x0000000132b58000)]
  0x00007fd7e9c72000 JavaThread "http-nio-8080-exec-4" daemon [_thread_blocked, id=30467, stack(0x0000000132955000,0x0000000132a55000)]
  0x00007fd7eb51f000 JavaThread "http-nio-8080-exec-3" daemon [_thread_blocked, id=29955, stack(0x0000000132852000,0x0000000132952000)]
  0x00007fd7e8bc6800 JavaThread "http-nio-8080-exec-2" daemon [_thread_blocked, id=29443, stack(0x000000013274f000,0x000000013284f000)]
  0x00007fd7e8b9e800 JavaThread "http-nio-8080-exec-1" daemon [_thread_blocked, id=28931, stack(0x000000013264c000,0x000000013274c000)]
  0x00007fd7eaa3b800 JavaThread "NioBlockingSelector.BlockPoller-1" daemon [_thread_in_native, id=28419, stack(0x0000000132549000,0x0000000132649000)]
  0x00007fd7eaa1c800 JavaThread "Tomcat JDBC Pool Cleaner[349885916:1512535754644]" daemon [_thread_blocked, id=27907, stack(0x0000000131a46000,0x0000000131b46000)]
  0x00007fd7eb855800 JavaThread "container-0" [_thread_blocked, id=27395, stack(0x0000000131943000,0x0000000131a43000)]
  0x00007fd7e8b36800 JavaThread "ContainerBackgroundProcessor[StandardEngine[Tomcat]]" daemon [_thread_blocked, id=26883, stack(0x0000000131840000,0x0000000131940000)]
  0x00007fd7ea818000 JavaThread "RMI TCP Accept-0" daemon [_thread_in_native, id=25095, stack(0x0000000130289000,0x0000000130389000)]
  0x00007fd7ea829800 JavaThread "RMI TCP Accept-49754" daemon [_thread_in_native, id=23299, stack(0x0000000130186000,0x0000000130286000)]
  0x00007fd7e8908000 JavaThread "RMI TCP Accept-0" daemon [_thread_in_native, id=22787, stack(0x0000000130083000,0x0000000130183000)]
  0x00007fd7e8839800 JavaThread "Service Thread" daemon [_thread_blocked, id=22275, stack(0x000000012f874000,0x000000012f974000)]
  0x00007fd7e8820800 JavaThread "C1 CompilerThread3" daemon [_thread_blocked, id=21763, stack(0x000000012f771000,0x000000012f871000)]
  0x00007fd7e9828000 JavaThread "C2 CompilerThread2" daemon [_thread_blocked, id=21251, stack(0x000000012f66e000,0x000000012f76e000)]
  0x00007fd7e8814000 JavaThread "C2 CompilerThread1" daemon [_thread_blocked, id=20739, stack(0x000000012f56b000,0x000000012f66b000)]
  0x00007fd7e881f800 JavaThread "C2 CompilerThread0" daemon [_thread_blocked, id=20227, stack(0x000000012f468000,0x000000012f568000)]
  0x00007fd7e9827800 JavaThread "JDWP Command Reader" daemon [_thread_in_native, id=19715, stack(0x000000012f365000,0x000000012f465000)]
  0x00007fd7e900c800 JavaThread "JDWP Event Helper Thread" daemon [_thread_blocked, id=19203, stack(0x000000012f262000,0x000000012f362000)]
=>0x00007fd7e9826800 JavaThread "JDWP Transport Listener: dt_socket" daemon [_thread_in_vm, id=18691, stack(0x000000012f15f000,0x000000012f25f000)]
  0x00007fd7eb068800 JavaThread "Signal Dispatcher" daemon [_thread_blocked, id=15379, stack(0x000000012f055000,0x000000012f155000)]
  0x00007fd7ec000000 JavaThread "Finalizer" daemon [_thread_blocked, id=13571, stack(0x000000012d635000,0x000000012d735000)]
  0x00007fd7e9813000 JavaThread "Reference Handler" daemon [_thread_blocked, id=13059, stack(0x000000012d532000,0x000000012d632000)]

Other Threads:
  0x00007fd7eb049800 VMThread [stack: 0x000000012d42f000,0x000000012d52f000] [id=12547]
  0x00007fd7e8909000 WatcherThread [stack: 0x000000013038c000,0x000000013048c000] [id=25347]

VM state:not at safepoint (normal execution)

VM Mutex/Monitor currently owned by a thread: None

Heap:
 PSYoungGen      total 175104K, used 64855K [0x000000076ab00000, 0x0000000777000000, 0x00000007c0000000)
  eden space 164864K, 33% used [0x000000076ab00000,0x000000076e176370,0x0000000774c00000)
  from space 10240K, 88% used [0x0000000776600000,0x0000000776edfae8,0x0000000777000000)
  to   space 18432K, 0% used [0x0000000774c00000,0x0000000774c00000,0x0000000775e00000)
 ParOldGen       total 196608K, used 25662K [0x00000006c0000000, 0x00000006cc000000, 0x000000076ab00000)
  object space 196608K, 13% used [0x00000006c0000000,0x00000006c190f948,0x00000006cc000000)
 Metaspace       used 42317K, capacity 42822K, committed 43264K, reserved 1087488K
  class space    used 5432K, capacity 5548K, committed 5632K, reserved 1048576K

Card table byte_map: [0x0000000120f20000,0x0000000121721000] byte_map_base: 0x000000011d920000

Marking Bits: (ParMarkBitMap*) 0x00000001102f8e20
 Begin Bits: [0x000000012248f000, 0x000000012648f000)
 End Bits:   [0x000000012648f000, 0x000000012a48f000)

Polling page: 0x00000001109fb000

CodeCache: size=245760Kb used=8444Kb max_used=8636Kb free=237315Kb
 bounds [0x0000000111b60000, 0x00000001123e0000, 0x0000000120b60000]
 total_blobs=4480 nmethods=4002 adapters=398
 compilation: enabled

Compilation events (10 events):
Event: 1937.906 Thread 0x00007fd7e8820800 4123       1       org.apache.catalina.core.ContainerBase::access$100 (5 bytes)
Event: 1937.906 Thread 0x00007fd7e8820800 nmethod 4123 0x0000000112397790 code [0x00000001123978e0, 0x00000001123979d0]
Event: 1958.642 Thread 0x00007fd7e8820800 4124   !   1       org.apache.tomcat.jdbc.pool.ConnectionPool$PoolCleaner::run (114 bytes)
Event: 1958.642 Thread 0x00007fd7e8820800 nmethod 4124 0x00000001122c8b10 code [0x00000001122c8d00, 0x00000001122c9098]
Event: 2387.952 Thread 0x00007fd7e8820800 4125   !   1       org.apache.catalina.core.StandardContext::getLoader (38 bytes)
Event: 2387.953 Thread 0x00007fd7e8820800 nmethod 4125 0x00000001121cedd0 code [0x00000001121cef80, 0x00000001121cf298]
Event: 2417.953 Thread 0x00007fd7e8820800 4126       1       java.util.EventObject::getSource (5 bytes)
Event: 2417.953 Thread 0x00007fd7e8820800 nmethod 4126 0x00000001123974d0 code [0x0000000112397620, 0x0000000112397730]
Event: 2537.958 Thread 0x00007fd7e8820800 4127       1       java.lang.Thread::setContextClassLoader (27 bytes)
Event: 2537.958 Thread 0x00007fd7e8820800 nmethod 4127 0x0000000111fd3050 code [0x0000000111fd31c0, 0x0000000111fd3418]

GC Heap History (10 events):
Event: 2.356 GC heap before
{Heap before GC invocations=6 (full 1):
 PSYoungGen      total 99328K, used 99233K [0x000000076ab00000, 0x0000000773a80000, 0x00000007c0000000)
  eden space 94208K, 100% used [0x000000076ab00000,0x0000000770700000,0x0000000770700000)
  from space 5120K, 98% used [0x0000000773580000,0x0000000773a68790,0x0000000773a80000)
  to   space 10752K, 0% used [0x0000000772580000,0x0000000772580000,0x0000000773000000)
 ParOldGen       total 115712K, used 12415K [0x00000006c0000000, 0x00000006c7100000, 0x000000076ab00000)
  object space 115712K, 10% used [0x00000006c0000000,0x00000006c0c1fd20,0x00000006c7100000)
 Metaspace       used 27205K, capacity 27574K, committed 27776K, reserved 1073152K
  class space    used 3507K, capacity 3626K, committed 3712K, reserved 1048576K
Event: 2.364 GC heap after
Heap after GC invocations=6 (full 1):
 PSYoungGen      total 136192K, used 10749K [0x000000076ab00000, 0x0000000774d80000, 0x00000007c0000000)
  eden space 125440K, 0% used [0x000000076ab00000,0x000000076ab00000,0x0000000772580000)
  from space 10752K, 99% used [0x0000000772580000,0x0000000772fff430,0x0000000773000000)
  to   space 15872K, 0% used [0x0000000773e00000,0x0000000773e00000,0x0000000774d80000)
 ParOldGen       total 115712K, used 14484K [0x00000006c0000000, 0x00000006c7100000, 0x000000076ab00000)
  object space 115712K, 12% used [0x00000006c0000000,0x00000006c0e253c0,0x00000006c7100000)
 Metaspace       used 27205K, capacity 27574K, committed 27776K, reserved 1073152K
  class space    used 3507K, capacity 3626K, committed 3712K, reserved 1048576K
}
Event: 2.918 GC heap before
{Heap before GC invocations=7 (full 1):
 PSYoungGen      total 136192K, used 110929K [0x000000076ab00000, 0x0000000774d80000, 0x00000007c0000000)
  eden space 125440K, 79% used [0x000000076ab00000,0x0000000770cd5370,0x0000000772580000)
  from space 10752K, 99% used [0x0000000772580000,0x0000000772fff430,0x0000000773000000)
  to   space 15872K, 0% used [0x0000000773e00000,0x0000000773e00000,0x0000000774d80000)
 ParOldGen       total 115712K, used 14484K [0x00000006c0000000, 0x00000006c7100000, 0x000000076ab00000)
  object space 115712K, 12% used [0x00000006c0000000,0x00000006c0e253c0,0x00000006c7100000)
 Metaspace       used 34762K, capacity 35124K, committed 35416K, reserved 1081344K
  class space    used 4457K, capacity 4559K, committed 4608K, reserved 1048576K
Event: 2.929 GC heap after
Heap after GC invocations=7 (full 1):
 PSYoungGen      total 146944K, used 15870K [0x000000076ab00000, 0x0000000778200000, 0x00000007c0000000)
  eden space 131072K, 0% used [0x000000076ab00000,0x000000076ab00000,0x0000000772b00000)
  from space 15872K, 99% used [0x0000000773e00000,0x0000000774d7fa70,0x0000000774d80000)
  to   space 19456K, 0% used [0x0000000772b00000,0x0000000772b00000,0x0000000773e00000)
 ParOldGen       total 115712K, used 17121K [0x00000006c0000000, 0x00000006c7100000, 0x000000076ab00000)
  object space 115712K, 14% used [0x00000006c0000000,0x00000006c10b87e8,0x00000006c7100000)
 Metaspace       used 34762K, capacity 35124K, committed 35416K, reserved 1081344K
  class space    used 4457K, capacity 4559K, committed 4608K, reserved 1048576K
}
Event: 2.929 GC heap before
{Heap before GC invocations=8 (full 2):
 PSYoungGen      total 146944K, used 15870K [0x000000076ab00000, 0x0000000778200000, 0x00000007c0000000)
  eden space 131072K, 0% used [0x000000076ab00000,0x000000076ab00000,0x0000000772b00000)
  from space 15872K, 99% used [0x0000000773e00000,0x0000000774d7fa70,0x0000000774d80000)
  to   space 19456K, 0% used [0x0000000772b00000,0x0000000772b00000,0x0000000773e00000)
 ParOldGen       total 115712K, used 17121K [0x00000006c0000000, 0x00000006c7100000, 0x000000076ab00000)
  object space 115712K, 14% used [0x00000006c0000000,0x00000006c10b87e8,0x00000006c7100000)
 Metaspace       used 34762K, capacity 35124K, committed 35416K, reserved 1081344K
  class space    used 4457K, capacity 4559K, committed 4608K, reserved 1048576K
Event: 3.000 GC heap after
Heap after GC invocations=8 (full 2):
 PSYoungGen      total 146944K, used 0K [0x000000076ab00000, 0x0000000778200000, 0x00000007c0000000)
  eden space 131072K, 0% used [0x000000076ab00000,0x000000076ab00000,0x0000000772b00000)
  from space 15872K, 0% used [0x0000000773e00000,0x0000000773e00000,0x0000000774d80000)
  to   space 19456K, 0% used [0x0000000772b00000,0x0000000772b00000,0x0000000773e00000)
 ParOldGen       total 196608K, used 25646K [0x00000006c0000000, 0x00000006cc000000, 0x000000076ab00000)
  object space 196608K, 13% used [0x00000006c0000000,0x00000006c190b948,0x00000006cc000000)
 Metaspace       used 34762K, capacity 35124K, committed 35416K, reserved 1081344K
  class space    used 4457K, capacity 4559K, committed 4608K, reserved 1048576K
}
Event: 3.860 GC heap before
{Heap before GC invocations=9 (full 2):
 PSYoungGen      total 146944K, used 131072K [0x000000076ab00000, 0x0000000778200000, 0x00000007c0000000)
  eden space 131072K, 100% used [0x000000076ab00000,0x0000000772b00000,0x0000000772b00000)
  from space 15872K, 0% used [0x0000000773e00000,0x0000000773e00000,0x0000000774d80000)
  to   space 19456K, 0% used [0x0000000772b00000,0x0000000772b00000,0x0000000773e00000)
 ParOldGen       total 196608K, used 25646K [0x00000006c0000000, 0x00000006cc000000, 0x000000076ab00000)
  object space 196608K, 13% used [0x00000006c0000000,0x00000006c190b948,0x00000006cc000000)
 Metaspace       used 37679K, capacity 38116K, committed 38656K, reserved 1083392K
  class space    used 4861K, capacity 4999K, committed 5120K, reserved 1048576K
Event: 3.869 GC heap after
Heap after GC invocations=9 (full 2):
 PSYoungGen      total 150528K, used 8699K [0x000000076ab00000, 0x0000000777880000, 0x00000007c0000000)
  eden space 131072K, 0% used [0x000000076ab00000,0x000000076ab00000,0x0000000772b00000)
  from space 19456K, 44% used [0x0000000772b00000,0x000000077337ec38,0x0000000773e00000)
  to   space 18944K, 0% used [0x0000000776600000,0x0000000776600000,0x0000000777880000)
 ParOldGen       total 196608K, used 25654K [0x00000006c0000000, 0x00000006cc000000, 0x000000076ab00000)
  object space 196608K, 13% used [0x00000006c0000000,0x00000006c190d948,0x00000006cc000000)
 Metaspace       used 37679K, capacity 38116K, committed 38656K, reserved 1083392K
  class space    used 4861K, capacity 4999K, committed 5120K, reserved 1048576K
}
Event: 78.882 GC heap before
{Heap before GC invocations=10 (full 2):
 PSYoungGen      total 150528K, used 139771K [0x000000076ab00000, 0x0000000777880000, 0x00000007c0000000)
  eden space 131072K, 100% used [0x000000076ab00000,0x0000000772b00000,0x0000000772b00000)
  from space 19456K, 44% used [0x0000000772b00000,0x000000077337ec38,0x0000000773e00000)
  to   space 18944K, 0% used [0x0000000776600000,0x0000000776600000,0x0000000777880000)
 ParOldGen       total 196608K, used 25654K [0x00000006c0000000, 0x00000006cc000000, 0x000000076ab00000)
  object space 196608K, 13% used [0x00000006c0000000,0x00000006c190d948,0x00000006cc000000)
 Metaspace       used 40054K, capacity 40586K, committed 40960K, reserved 1085440K
  class space    used 5172K, capacity 5312K, committed 5376K, reserved 1048576K
Event: 78.893 GC heap after
Heap after GC invocations=10 (full 2):
 PSYoungGen      total 175104K, used 9086K [0x000000076ab00000, 0x0000000777000000, 0x00000007c0000000)
  eden space 164864K, 0% used [0x000000076ab00000,0x000000076ab00000,0x0000000774c00000)
  from space 10240K, 88% used [0x0000000776600000,0x0000000776edfae8,0x0000000777000000)
  to   space 18432K, 0% used [0x0000000774c00000,0x0000000774c00000,0x0000000775e00000)
 ParOldGen       total 196608K, used 25662K [0x00000006c0000000, 0x00000006cc000000, 0x000000076ab00000)
  object space 196608K, 13% used [0x00000006c0000000,0x00000006c190f948,0x00000006cc000000)
 Metaspace       used 40054K, capacity 40586K, committed 40960K, reserved 1085440K
  class space    used 5172K, capacity 5312K, committed 5376K, reserved 1048576K
}

Deoptimization events (0 events):
No events

Internal exceptions (10 events):
Event: 78.923 Thread 0x00007fd7e8b9e800 Exception <a 'java/lang/ClassNotFoundException': org/springframework/web/servlet/support/SessionFlashMapManagerCustomizer> (0x000000076ad145e0) thrown at [/HUDSON3/workspace/8-2-build-macosx-x86_64/jdk8u66/4988/hotspot/src/share/vm/classfile/systemDiction
Event: 78.924 Thread 0x00007fd7e8b9e800 Exception <a 'java/lang/ClassNotFoundException': org/springframework/web/servlet/FlashMapManagerCustomizer> (0x000000076ad2b640) thrown at [/HUDSON3/workspace/8-2-build-macosx-x86_64/jdk8u66/4988/hotspot/src/share/vm/classfile/systemDictionary.cpp, line 2
Event: 79.547 Thread 0x00007fd7e8b9e800 Exception <a 'java/lang/ArrayIndexOutOfBoundsException'> (0x000000076b6fb2f0) thrown at [/HUDSON3/workspace/8-2-build-macosx-x86_64/jdk8u66/4988/hotspot/src/share/vm/runtime/sharedRuntime.cpp, line 605]
Event: 79.560 Thread 0x00007fd7e8b9e800 Exception <a 'java/lang/ArrayIndexOutOfBoundsException'> (0x000000076b7e6af8) thrown at [/HUDSON3/workspace/8-2-build-macosx-x86_64/jdk8u66/4988/hotspot/src/share/vm/runtime/sharedRuntime.cpp, line 605]
Event: 79.571 Thread 0x00007fd7e8b9e800 Exception <a 'java/lang/ArrayIndexOutOfBoundsException'> (0x000000076b8f4a98) thrown at [/HUDSON3/workspace/8-2-build-macosx-x86_64/jdk8u66/4988/hotspot/src/share/vm/runtime/sharedRuntime.cpp, line 605]
Event: 79.575 Thread 0x00007fd7e8b9e800 Exception <a 'java/lang/ArrayIndexOutOfBoundsException'> (0x000000076b953880) thrown at [/HUDSON3/workspace/8-2-build-macosx-x86_64/jdk8u66/4988/hotspot/src/share/vm/runtime/sharedRuntime.cpp, line 605]
Event: 79.589 Thread 0x00007fd7e8b9e800 Exception <a 'java/lang/ArrayIndexOutOfBoundsException'> (0x000000076ba23bd8) thrown at [/HUDSON3/workspace/8-2-build-macosx-x86_64/jdk8u66/4988/hotspot/src/share/vm/runtime/sharedRuntime.cpp, line 605]
Event: 79.591 Thread 0x00007fd7e8b9e800 Exception <a 'java/lang/ArrayIndexOutOfBoundsException'> (0x000000076ba640f8) thrown at [/HUDSON3/workspace/8-2-build-macosx-x86_64/jdk8u66/4988/hotspot/src/share/vm/runtime/sharedRuntime.cpp, line 605]
Event: 79.683 Thread 0x00007fd7e8bc6800 Exception <a 'java/io/FileNotFoundException'> (0x000000076bc09408) thrown at [/HUDSON3/workspace/8-2-build-macosx-x86_64/jdk8u66/4988/hotspot/src/share/vm/prims/jni.cpp, line 709]
Event: 79.683 Thread 0x00007fd7e8bc6800 Exception <a 'java/io/FileNotFoundException'> (0x000000076bc0a360) thrown at [/HUDSON3/workspace/8-2-build-macosx-x86_64/jdk8u66/4988/hotspot/src/share/vm/prims/jni.cpp, line 709]

Events (10 events):
Event: 1649.863 Executing VM operation: RevokeBias
Event: 1649.864 Executing VM operation: RevokeBias done
Event: 1649.864 Thread 0x00007fd7e9997000 Thread exited: 0x00007fd7e9997000
Event: 1663.868 Executing VM operation: RevokeBias
Event: 1663.868 Executing VM operation: RevokeBias done
Event: 1663.868 Thread 0x00007fd7ec04e800 Thread exited: 0x00007fd7ec04e800
Event: 1668.078 Executing VM operation: RevokeBias
Event: 1668.078 Executing VM operation: RevokeBias done
Event: 2663.470 Executing VM operation: RedefineClasses
Event: 2663.488 Executing VM operation: RedefineClasses done


Dynamic libraries:
0x00000000005b7000 	/System/Library/Frameworks/Cocoa.framework/Versions/A/Cocoa
0x00000000005b7000 	/System/Library/Frameworks/Security.framework/Versions/A/Security
0x00000000005b7000 	/System/Library/Frameworks/ApplicationServices.framework/Versions/A/ApplicationServices
0x00000000005b7000 	/usr/lib/libz.1.dylib
0x00000000005b7000 	/usr/lib/libSystem.B.dylib
0x00000000005b7000 	/usr/lib/libobjc.A.dylib
0x00000000005b7000 	/System/Library/Frameworks/CoreFoundation.framework/Versions/A/CoreFoundation
0x00000000005b7000 	/System/Library/Frameworks/Foundation.framework/Versions/C/Foundation
0x00000000005b7000 	/System/Library/Frameworks/AppKit.framework/Versions/C/AppKit
0x00000000005b7000 	/System/Library/Frameworks/CoreData.framework/Versions/A/CoreData
0x00000000005b7000 	/System/Library/PrivateFrameworks/RemoteViewServices.framework/Versions/A/RemoteViewServices
0x00000000005b7000 	/System/Library/PrivateFrameworks/UIFoundation.framework/Versions/A/UIFoundation
0x00000000005b7000 	/System/Library/Frameworks/IOSurface.framework/Versions/A/IOSurface
0x00000000005b7000 	/System/Library/Frameworks/AudioToolbox.framework/Versions/A/AudioToolbox
0x00000000005b7000 	/System/Library/Frameworks/AudioUnit.framework/Versions/A/AudioUnit
0x00000000005b7000 	/System/Library/PrivateFrameworks/DataDetectorsCore.framework/Versions/A/DataDetectorsCore
0x00000000005b7000 	/System/Library/PrivateFrameworks/DesktopServicesPriv.framework/Versions/A/DesktopServicesPriv
0x00000000005b7000 	/System/Library/Frameworks/Carbon.framework/Versions/A/Frameworks/HIToolbox.framework/Versions/A/HIToolbox
0x00000000005b7000 	/System/Library/Frameworks/QuartzCore.framework/Versions/A/QuartzCore
0x00000000005b7000 	/System/Library/Frameworks/Carbon.framework/Versions/A/Frameworks/SpeechRecognition.framework/Versions/A/SpeechRecognition
0x00000000005b7000 	/usr/lib/libauto.dylib
0x00000000005b7000 	/usr/lib/libicucore.A.dylib
0x00000000005b7000 	/usr/lib/libxml2.2.dylib
0x00000000005b7000 	/System/Library/PrivateFrameworks/CoreUI.framework/Versions/A/CoreUI
0x00000000005b7000 	/System/Library/Frameworks/CoreAudio.framework/Versions/A/CoreAudio
0x00000000005b7000 	/System/Library/Frameworks/DiskArbitration.framework/Versions/A/DiskArbitration
0x00000000005b7000 	/usr/lib/liblangid.dylib
0x00000000005b7000 	/System/Library/PrivateFrameworks/MultitouchSupport.framework/Versions/A/MultitouchSupport
0x00000000005b7000 	/System/Library/Frameworks/IOKit.framework/Versions/A/IOKit
0x00000000005b7000 	/usr/lib/libDiagnosticMessagesClient.dylib
0x00000000005b7000 	/System/Library/Frameworks/CoreServices.framework/Versions/A/CoreServices
0x00000000005b7000 	/System/Library/PrivateFrameworks/PerformanceAnalysis.framework/Versions/A/PerformanceAnalysis
0x00000000005b7000 	/System/Library/PrivateFrameworks/GenerationalStorage.framework/Versions/A/GenerationalStorage
0x00000000005b7000 	/System/Library/Frameworks/OpenGL.framework/Versions/A/OpenGL
0x00000000005b7000 	/System/Library/PrivateFrameworks/Sharing.framework/Versions/A/Sharing
0x00000000005b7000 	/System/Library/Frameworks/CoreGraphics.framework/Versions/A/CoreGraphics
0x00000000005b7000 	/System/Library/Frameworks/CoreText.framework/Versions/A/CoreText
0x00000000005b7000 	/System/Library/Frameworks/ImageIO.framework/Versions/A/ImageIO
0x00000000005b7000 	/usr/lib/libextension.dylib
0x00000000005b7000 	/System/Library/PrivateFrameworks/Backup.framework/Versions/A/Backup
0x00000000005b7000 	/usr/lib/libarchive.2.dylib
0x00000000005b7000 	/System/Library/Frameworks/CFNetwork.framework/Versions/A/CFNetwork
0x00000000005b7000 	/System/Library/Frameworks/SystemConfiguration.framework/Versions/A/SystemConfiguration
0x00000000005b7000 	/usr/lib/libCRFSuite.dylib
0x00000000005b7000 	/usr/lib/libc++.1.dylib
0x00000000005b7000 	/usr/lib/libc++abi.dylib
0x00000000005b7000 	/usr/lib/system/libcache.dylib
0x00000000005b7000 	/usr/lib/system/libcommonCrypto.dylib
0x00000000005b7000 	/usr/lib/system/libcompiler_rt.dylib
0x00000000005b7000 	/usr/lib/system/libcopyfile.dylib
0x00000000005b7000 	/usr/lib/system/libcorecrypto.dylib
0x00000000005b7000 	/usr/lib/system/libdispatch.dylib
0x00000000005b7000 	/usr/lib/system/libdyld.dylib
0x00000000005b7000 	/usr/lib/system/libkeymgr.dylib
0x00000000005b7000 	/usr/lib/system/liblaunch.dylib
0x00000000005b7000 	/usr/lib/system/libmacho.dylib
0x00000000005b7000 	/usr/lib/system/libquarantine.dylib
0x00000000005b7000 	/usr/lib/system/libremovefile.dylib
0x00000000005b7000 	/usr/lib/system/libsystem_asl.dylib
0x00000000005b7000 	/usr/lib/system/libsystem_blocks.dylib
0x00000000005b7000 	/usr/lib/system/libsystem_c.dylib
0x00000000005b7000 	/usr/lib/system/libsystem_configuration.dylib
0x00000000005b7000 	/usr/lib/system/libsystem_coreservices.dylib
0x00000000005b7000 	/usr/lib/system/libsystem_coretls.dylib
0x00000000005b7000 	/usr/lib/system/libsystem_dnssd.dylib
0x00000000005b7000 	/usr/lib/system/libsystem_info.dylib
0x00000000005b7000 	/usr/lib/system/libsystem_kernel.dylib
0x00000000005b7000 	/usr/lib/system/libsystem_m.dylib
0x00000000005b7000 	/usr/lib/system/libsystem_malloc.dylib
0x00000000005b7000 	/usr/lib/system/libsystem_network.dylib
0x00000000005b7000 	/usr/lib/system/libsystem_networkextension.dylib
0x00000000005b7000 	/usr/lib/system/libsystem_notify.dylib
0x00000000005b7000 	/usr/lib/system/libsystem_platform.dylib
0x00000000005b7000 	/usr/lib/system/libsystem_pthread.dylib
0x00000000005b7000 	/usr/lib/system/libsystem_sandbox.dylib
0x00000000005b7000 	/usr/lib/system/libsystem_secinit.dylib
0x00000000005b7000 	/usr/lib/system/libsystem_stats.dylib
0x00000000005b7000 	/usr/lib/system/libsystem_trace.dylib
0x00000000005b7000 	/usr/lib/system/libunc.dylib
0x00000000005b7000 	/usr/lib/system/libunwind.dylib
0x00000000005b7000 	/usr/lib/system/libxpc.dylib
0x00000000005b7000 	/usr/lib/libbz2.1.0.dylib
0x00000000005b7000 	/usr/lib/liblzma.5.dylib
0x00000000005b7000 	/usr/lib/libbsm.0.dylib
0x00000000005b7000 	/usr/lib/libsqlite3.dylib
0x00000000005b7000 	/usr/lib/system/libkxld.dylib
0x00000000005b7000 	/usr/lib/libxar.1.dylib
0x00000000005b7000 	/usr/lib/libpam.2.dylib
0x00000000005b7000 	/usr/lib/libOpenScriptingUtil.dylib
0x00000000005b7000 	/System/Library/Frameworks/CoreServices.framework/Versions/A/Frameworks/FSEvents.framework/Versions/A/FSEvents
0x00000000005b7000 	/System/Library/Frameworks/CoreServices.framework/Versions/A/Frameworks/CarbonCore.framework/Versions/A/CarbonCore
0x00000000005b7000 	/System/Library/Frameworks/CoreServices.framework/Versions/A/Frameworks/Metadata.framework/Versions/A/Metadata
0x00000000005b7000 	/System/Library/Frameworks/CoreServices.framework/Versions/A/Frameworks/OSServices.framework/Versions/A/OSServices
0x00000000005b7000 	/System/Library/Frameworks/CoreServices.framework/Versions/A/Frameworks/SearchKit.framework/Versions/A/SearchKit
0x00000000005b7000 	/System/Library/Frameworks/CoreServices.framework/Versions/A/Frameworks/AE.framework/Versions/A/AE
0x00000000005b7000 	/System/Library/Frameworks/CoreServices.framework/Versions/A/Frameworks/LaunchServices.framework/Versions/A/LaunchServices
0x00000000005b7000 	/System/Library/Frameworks/CoreServices.framework/Versions/A/Frameworks/DictionaryServices.framework/Versions/A/DictionaryServices
0x00000000005b7000 	/System/Library/Frameworks/NetFS.framework/Versions/A/NetFS
0x00000000005b7000 	/System/Library/PrivateFrameworks/NetAuth.framework/Versions/A/NetAuth
0x00000000005b7000 	/System/Library/PrivateFrameworks/login.framework/Versions/A/Frameworks/loginsupport.framework/Versions/A/loginsupport
0x00000000005b7000 	/System/Library/PrivateFrameworks/TCC.framework/Versions/A/TCC
0x00000000005b7000 	/usr/lib/libmecabra.dylib
0x00000000005b7000 	/System/Library/Frameworks/ApplicationServices.framework/Versions/A/Frameworks/ATS.framework/Versions/A/ATS
0x00000000005b7000 	/System/Library/Frameworks/ApplicationServices.framework/Versions/A/Frameworks/ColorSync.framework/Versions/A/ColorSync
0x00000000005b7000 	/System/Library/Frameworks/ApplicationServices.framework/Versions/A/Frameworks/HIServices.framework/Versions/A/HIServices
0x00000000005b7000 	/System/Library/Frameworks/ApplicationServices.framework/Versions/A/Frameworks/LangAnalysis.framework/Versions/A/LangAnalysis
0x00000000005b7000 	/System/Library/Frameworks/ApplicationServices.framework/Versions/A/Frameworks/PrintCore.framework/Versions/A/PrintCore
0x00000000005b7000 	/System/Library/Frameworks/ApplicationServices.framework/Versions/A/Frameworks/QD.framework/Versions/A/QD
0x00000000005b7000 	/System/Library/Frameworks/ApplicationServices.framework/Versions/A/Frameworks/SpeechSynthesis.framework/Versions/A/SpeechSynthesis
0x00000000005b7000 	/System/Library/Frameworks/Accelerate.framework/Versions/A/Accelerate
0x00000000005b7000 	/System/Library/Frameworks/Accelerate.framework/Versions/A/Frameworks/vImage.framework/Versions/A/vImage
0x00000000005b7000 	/System/Library/Frameworks/Accelerate.framework/Versions/A/Frameworks/vecLib.framework/Versions/A/vecLib
0x00000000005b7000 	/System/Library/Frameworks/Accelerate.framework/Versions/A/Frameworks/vecLib.framework/Versions/A/libvDSP.dylib
0x00000000005b7000 	/System/Library/Frameworks/Accelerate.framework/Versions/A/Frameworks/vecLib.framework/Versions/A/libvMisc.dylib
0x00000000005b7000 	/System/Library/Frameworks/Accelerate.framework/Versions/A/Frameworks/vecLib.framework/Versions/A/libLAPACK.dylib
0x00000000005b7000 	/System/Library/Frameworks/Accelerate.framework/Versions/A/Frameworks/vecLib.framework/Versions/A/libBLAS.dylib
0x00000000005b7000 	/System/Library/Frameworks/Accelerate.framework/Versions/A/Frameworks/vecLib.framework/Versions/A/libLinearAlgebra.dylib
0x00000000005b7000 	/System/Library/Frameworks/ApplicationServices.framework/Versions/A/Frameworks/ATS.framework/Versions/A/Resources/libFontParser.dylib
0x00000000005b7000 	/System/Library/Frameworks/ApplicationServices.framework/Versions/A/Frameworks/ATS.framework/Versions/A/Resources/libFontRegistry.dylib
0x00000000005b7000 	/System/Library/PrivateFrameworks/AppleVPA.framework/Versions/A/AppleVPA
0x00000000005b7000 	/System/Library/PrivateFrameworks/AppleJPEG.framework/Versions/A/AppleJPEG
0x00000000005b7000 	/System/Library/Frameworks/ImageIO.framework/Versions/A/Resources/libJPEG.dylib
0x00000000005b7000 	/System/Library/Frameworks/ImageIO.framework/Versions/A/Resources/libTIFF.dylib
0x00000000005b7000 	/System/Library/Frameworks/ImageIO.framework/Versions/A/Resources/libPng.dylib
0x00000000005b7000 	/System/Library/Frameworks/ImageIO.framework/Versions/A/Resources/libGIF.dylib
0x00000000005b7000 	/System/Library/Frameworks/ImageIO.framework/Versions/A/Resources/libJP2.dylib
0x00000000005b7000 	/System/Library/Frameworks/ImageIO.framework/Versions/A/Resources/libRadiance.dylib
0x00000000005b7000 	/System/Library/Frameworks/CoreVideo.framework/Versions/A/CoreVideo
0x00000000005b7000 	/System/Library/Frameworks/OpenGL.framework/Versions/A/Libraries/libGLU.dylib
0x00000000005b7000 	/System/Library/Frameworks/OpenGL.framework/Versions/A/Libraries/libGFXShared.dylib
0x00000000005b7000 	/System/Library/Frameworks/OpenGL.framework/Versions/A/Libraries/libGL.dylib
0x00000000005b7000 	/System/Library/Frameworks/OpenGL.framework/Versions/A/Libraries/libGLImage.dylib
0x00000000005b7000 	/System/Library/Frameworks/OpenGL.framework/Versions/A/Libraries/libCVMSPluginSupport.dylib
0x00000000005b7000 	/System/Library/Frameworks/OpenGL.framework/Versions/A/Libraries/libCoreVMClient.dylib
0x00000000005b7000 	/usr/lib/libcups.2.dylib
0x00000000005b7000 	/System/Library/Frameworks/Kerberos.framework/Versions/A/Kerberos
0x00000000005b7000 	/System/Library/Frameworks/GSS.framework/Versions/A/GSS
0x00000000005b7000 	/usr/lib/libresolv.9.dylib
0x00000000005b7000 	/usr/lib/libiconv.2.dylib
0x00000000005b7000 	/System/Library/PrivateFrameworks/Heimdal.framework/Versions/A/Heimdal
0x00000000005b7000 	/usr/lib/libheimdal-asn1.dylib
0x00000000005b7000 	/System/Library/Frameworks/OpenDirectory.framework/Versions/A/OpenDirectory
0x00000000005b7000 	/System/Library/PrivateFrameworks/CommonAuth.framework/Versions/A/CommonAuth
0x00000000005b7000 	/System/Library/Frameworks/OpenDirectory.framework/Versions/A/Frameworks/CFOpenDirectory.framework/Versions/A/CFOpenDirectory
0x00000000005b7000 	/System/Library/Frameworks/SecurityFoundation.framework/Versions/A/SecurityFoundation
0x00000000005b7000 	/System/Library/PrivateFrameworks/LanguageModeling.framework/Versions/A/LanguageModeling
0x00000000005b7000 	/usr/lib/libcmph.dylib
0x00000000005b7000 	/System/Library/Frameworks/ServiceManagement.framework/Versions/A/ServiceManagement
0x00000000005b7000 	/usr/lib/libxslt.1.dylib
0x00000000005b7000 	/System/Library/Frameworks/Carbon.framework/Versions/A/Frameworks/Ink.framework/Versions/A/Ink
0x00000000005b7000 	/System/Library/Frameworks/QuartzCore.framework/Versions/A/Frameworks/CoreImage.framework/Versions/A/CoreImage
0x00000000005b7000 	/System/Library/PrivateFrameworks/CrashReporterSupport.framework/Versions/A/CrashReporterSupport
0x00000000005b7000 	/System/Library/Frameworks/OpenCL.framework/Versions/A/OpenCL
0x00000000005b7000 	/System/Library/PrivateFrameworks/FaceCore.framework/Versions/A/FaceCore
0x00000000005b7000 	/System/Library/PrivateFrameworks/Ubiquity.framework/Versions/A/Ubiquity
0x00000000005b7000 	/System/Library/PrivateFrameworks/IconServices.framework/Versions/A/IconServices
0x00000000005b7000 	/System/Library/PrivateFrameworks/ChunkingLibrary.framework/Versions/A/ChunkingLibrary
0x00000000005b7000 	/System/Library/PrivateFrameworks/Apple80211.framework/Versions/A/Apple80211
0x00000000005b7000 	/System/Library/Frameworks/CoreWLAN.framework/Versions/A/CoreWLAN
0x00000000005b7000 	/System/Library/Frameworks/IOBluetooth.framework/Versions/A/IOBluetooth
0x00000000005b7000 	/System/Library/PrivateFrameworks/CoreWiFi.framework/Versions/A/CoreWiFi
0x00000000005b7000 	/System/Library/Frameworks/CoreBluetooth.framework/Versions/A/CoreBluetooth
0x00000000005b7000 	/System/Library/PrivateFrameworks/DebugSymbols.framework/Versions/A/DebugSymbols
0x00000000005b7000 	/System/Library/PrivateFrameworks/CoreSymbolication.framework/Versions/A/CoreSymbolication
0x00000000005b7000 	/System/Library/PrivateFrameworks/Symbolication.framework/Versions/A/Symbolication
0x00000000005b7000 	/System/Library/PrivateFrameworks/SpeechRecognitionCore.framework/Versions/A/SpeechRecognitionCore
0x000000010fa1b000 	/Library/Java/JavaVirtualMachines/jdk1.8.0_66.jdk/Contents/Home/jre/lib/server/libjvm.dylib
0x00000000005b7000 	/usr/lib/libstdc++.6.dylib
0x00000001109b8000 	/Library/Java/JavaVirtualMachines/jdk1.8.0_66.jdk/Contents/Home/jre/lib/libverify.dylib
0x00000001109c6000 	/Library/Java/JavaVirtualMachines/jdk1.8.0_66.jdk/Contents/Home/jre/lib/libjava.dylib
0x0000000111b03000 	/Library/Java/JavaVirtualMachines/jdk1.8.0_66.jdk/Contents/Home/jre/lib/libjdwp.dylib
0x00000001109fc000 	/Library/Java/JavaVirtualMachines/jdk1.8.0_66.jdk/Contents/Home/jre/lib/libnpt.dylib
0x0000000111b57000 	/Library/Java/JavaVirtualMachines/jdk1.8.0_66.jdk/Contents/Home/jre/lib/libzip.dylib
0x000000012d737000 	/System/Library/Frameworks/JavaVM.framework/Frameworks/JavaRuntimeSupport.framework/JavaRuntimeSupport
0x000000012d74d000 	/System/Library/Frameworks/JavaVM.framework/Versions/A/Frameworks/JavaNativeFoundation.framework/Versions/A/JavaNativeFoundation
0x000000012d761000 	/System/Library/Frameworks/JavaVM.framework/Versions/A/JavaVM
0x00000000005b7000 	/System/Library/Frameworks/Carbon.framework/Versions/A/Carbon
0x000000012d76d000 	/System/Library/PrivateFrameworks/JavaLaunching.framework/Versions/A/JavaLaunching
0x00000000005b7000 	/System/Library/Frameworks/Carbon.framework/Versions/A/Frameworks/CommonPanels.framework/Versions/A/CommonPanels
0x00000000005b7000 	/System/Library/Frameworks/Carbon.framework/Versions/A/Frameworks/Help.framework/Versions/A/Help
0x00000000005b7000 	/System/Library/Frameworks/Carbon.framework/Versions/A/Frameworks/ImageCapture.framework/Versions/A/ImageCapture
0x00000000005b7000 	/System/Library/Frameworks/Carbon.framework/Versions/A/Frameworks/OpenScripting.framework/Versions/A/OpenScripting
0x00000000005b7000 	/System/Library/Frameworks/Carbon.framework/Versions/A/Frameworks/Print.framework/Versions/A/Print
0x00000000005b7000 	/System/Library/Frameworks/Carbon.framework/Versions/A/Frameworks/SecurityHI.framework/Versions/A/SecurityHI
0x000000012f157000 	/Library/Java/JavaVirtualMachines/jdk1.8.0_66.jdk/Contents/Home/jre/lib/libdt_socket.dylib
0x000000012f976000 	/Library/Java/JavaVirtualMachines/jdk1.8.0_66.jdk/Contents/Home/jre/lib/libmanagement.dylib
0x000000012f984000 	/Library/Java/JavaVirtualMachines/jdk1.8.0_66.jdk/Contents/Home/jre/lib/libnet.dylib
0x000000012fe1b000 	/Library/Java/JavaVirtualMachines/jdk1.8.0_66.jdk/Contents/Home/jre/lib/libnio.dylib

VM Arguments:
jvm_args: -agentlib:jdwp=transport=dt_socket,suspend=y,address=localhost:49755 -Dcom.sun.management.jmxremote -Dcom.sun.management.jmxremote.port=49754 -Dcom.sun.management.jmxremote.authenticate=false -Dcom.sun.management.jmxremote.ssl=false -Djava.rmi.server.hostname=localhost -Dspring.liveBeansView.mbeanDomain -Dspring.application.admin.enabled=true -Djava.security.egd=file:/dev/./urandom -Xverify:none -XX:TieredStopAtLevel=1 -Dfile.encoding=UTF-8 
java_command: com.tess.j8basic.J8BasicApplication --spring.output.ansi.enabled=always
java_class_path (initial): /Library/Java/JavaVirtualMachines/jdk1.8.0_66.jdk/Contents/Home/jre/lib/resources.jar:/Library/Java/JavaVirtualMachines/jdk1.8.0_66.jdk/Contents/Home/jre/lib/rt.jar:/Library/Java/JavaVirtualMachines/jdk1.8.0_66.jdk/Contents/Home/jre/lib/jsse.jar:/Library/Java/JavaVirtualMachines/jdk1.8.0_66.jdk/Contents/Home/jre/lib/jce.jar:/Library/Java/JavaVirtualMachines/jdk1.8.0_66.jdk/Contents/Home/jre/lib/charsets.jar:/Library/Java/JavaVirtualMachines/jdk1.8.0_66.jdk/Contents/Home/jre/lib/jfr.jar:/Library/Java/JavaVirtualMachines/jdk1.8.0_66.jdk/Contents/Home/jre/lib/ext/cldrdata.jar:/Library/Java/JavaVirtualMachines/jdk1.8.0_66.jdk/Contents/Home/jre/lib/ext/dnsns.jar:/Library/Java/JavaVirtualMachines/jdk1.8.0_66.jdk/Contents/Home/jre/lib/ext/jaccess.jar:/Library/Java/JavaVirtualMachines/jdk1.8.0_66.jdk/Contents/Home/jre/lib/ext/jfxrt.jar:/Library/Java/JavaVirtualMachines/jdk1.8.0_66.jdk/Contents/Home/jre/lib/ext/localedata.jar:/Library/Java/JavaVirtualMachines/jdk1.8.0_66.jdk/Contents/Home/jre/lib/ext/nashorn.jar:/Library/Java/JavaVirtualMachines/jdk1.8.0_66.jdk/Contents/Home/jre/lib/ext/sunec.jar:/Library/Java/JavaVirtualMachines/jdk1.8.0_66.jdk/Contents/Home/jre/lib/ext/sunjce_provider.jar:/Library/Java/JavaVirtualMachines/jdk1.8.0_66.jdk/Contents/Home/jre/lib/ext/sunpkcs11.jar:/Library/Java/JavaVirtualMachines/jdk1.8.0_66.jdk/Contents/Home/jre/lib/ext/zipfs.jar:/System/Library/Java/Extensions/MRJToolkit.jar:/Users/ywu/config-repo/j8/j8-basic/target/classes:/Users/ywu/.m2/repository/org/springframework/boot/spring-boot-starter-actuator/1.5.8.RELEASE/spring-boot-starter-actuator-1.5.8.RELEASE.jar:/Users/ywu/.m2/repository/org/springframework/boot/spring-boot-starter/1.5.8.RELEASE/spring-boot-starter-1.5.8.RELEASE.jar:/Users/ywu/.m2/repository/org/springframework/boot/spring-boot/1.5.8.RELEASE/spring-boot-1.5.8.RELEASE.jar:/Users/ywu/.m2/repository/org/springframework/boot/spring-boot-autoconfigure/1.5.8.RELEASE/spring-boot-autoconfigure-1.5.8.REL
Launcher Type: SUN_STANDARD

Environment Variables:
PATH=/usr/bin:/bin:/usr/sbin:/sbin
SHELL=/bin/bash

Signal Handlers:
SIGSEGV: [libjvm.dylib+0x5a65d5], sa_mask[0]=11111111011111110111111111111111, sa_flags=SA_ONSTACK|SA_RESTART|SA_SIGINFO
SIGBUS: [libjvm.dylib+0x5a65d5], sa_mask[0]=11111111011111110111111111111111, sa_flags=SA_RESTART|SA_SIGINFO
SIGFPE: [libjvm.dylib+0x4802e8], sa_mask[0]=11111111011111110111111111111111, sa_flags=SA_RESTART|SA_SIGINFO
SIGPIPE: [libjvm.dylib+0x4802e8], sa_mask[0]=11111111011111110111111111111111, sa_flags=SA_RESTART|SA_SIGINFO
SIGXFSZ: [libjvm.dylib+0x4802e8], sa_mask[0]=11111111011111110111111111111111, sa_flags=SA_RESTART|SA_SIGINFO
SIGILL: [libjvm.dylib+0x4802e8], sa_mask[0]=11111111011111110111111111111111, sa_flags=SA_RESTART|SA_SIGINFO
SIGUSR1: SIG_DFL, sa_mask[0]=00000000000000000000000000000000, sa_flags=none
SIGUSR2: [libjvm.dylib+0x47fe06], sa_mask[0]=00100000000000000000000000000000, sa_flags=SA_RESTART|SA_SIGINFO
SIGHUP: [libjvm.dylib+0x47e3dd], sa_mask[0]=11111111011111110111111111111111, sa_flags=SA_RESTART|SA_SIGINFO
SIGINT: [libjvm.dylib+0x47e3dd], sa_mask[0]=11111111011111110111111111111111, sa_flags=SA_RESTART|SA_SIGINFO
SIGTERM: [libjvm.dylib+0x47e3dd], sa_mask[0]=11111111011111110111111111111111, sa_flags=SA_RESTART|SA_SIGINFO
SIGQUIT: [libjvm.dylib+0x47e3dd], sa_mask[0]=11111111011111110111111111111111, sa_flags=SA_RESTART|SA_SIGINFO


---------------  S Y S T E M  ---------------

OS:Bsduname:Darwin 14.5.0 Darwin Kernel Version 14.5.0: Sun Sep 25 22:07:15 PDT 2016; root:xnu-2782.50.9~1/RELEASE_X86_64 x86_64
rlimit: STACK 8192k, CORE 0k, NPROC 709, NOFILE 10240, AS infinity
load average:2.00 1.81 2.44

CPU:total 8 (4 cores per cpu, 2 threads per core) family 6 model 70 stepping 1, cmov, cx8, fxsr, mmx, sse, sse2, sse3, ssse3, sse4.1, sse4.2, popcnt, avx, avx2, aes, clmul, erms, rtm, lzcnt, ht, tsc, tscinvbit, bmi1, bmi2

Memory: 4k page, physical 16777216k(3480952k free)

/proc/meminfo:


vm_info: Java HotSpot(TM) 64-Bit Server VM (25.66-b17) for bsd-amd64 JRE (1.8.0_66-b17), built on Oct  6 2015 16:09:13 by "java_re" with gcc 4.2.1 (Based on Apple Inc. build 5658) (LLVM build 2336.11.00)

time: Tue Dec  5 21:40:04 2017
elapsed time: 2663 seconds (0d 0h 44m 23s)

